<?xml version="1.0" encoding="UTF-8"?>
<!-- Generated by org.testng.reporters.JUnitXMLReporter -->
<testsuite ignored="0" hostname="BIR-LTEE2449258" failures="0" tests="9" name="Org Chart Workflow" time="25.445" errors="0" timestamp="2023-09-28T14:38:38 CDT">
  <testcase classname="Execution.orgChartWorkflow" name="testForCertPage" time="0.587"/>
  <testcase classname="Execution.orgChartWorkflow" name="searchByEmployee" time="2.076"/>
  <testcase classname="Execution.orgChartWorkflow" name="verifySearchByEmployee" time="2.536"/>
  <testcase classname="Execution.orgChartWorkflow" name="searchByPosition" time="2.425"/>
  <testcase classname="Execution.orgChartWorkflow" name="verifySearchByPosition" time="2.435"/>
  <testcase classname="Execution.orgChartWorkflow" name="searchByGroup" time="1.406"/>
  <testcase classname="Execution.orgChartWorkflow" name="verifySearchByGroup" time="2.444"/>
  <testcase classname="Execution.orgChartWorkflow" name="searchByServices" time="2.051"/>
  <testcase classname="Execution.orgChartWorkflow" name="verifySearchByService" time="2.478"/>
</testsuite> <!-- Org Chart Workflow -->
