<?xml version="1.0" encoding="UTF-8"?>
<!-- Generated by org.testng.reporters.JUnitXMLReporter -->
<testsuite ignored="0" hostname="DESKTOP-OOHKJP3" failures="0" tests="3" name="Destruction of LEAF Records" time="10.216" errors="0" timestamp="2023-09-22T13:08:41 CDT">
  <testcase classname="Execution.leafRecordDestruction" name="testForCertPage" time="2.761"/>
  <testcase classname="Execution.leafRecordDestruction" name="openForm" time="2.531"/>
  <testcase classname="Execution.leafRecordDestruction" name="openRecordDestructionYears" time="2.443"/>
</testsuite> <!-- Destruction of LEAF Records -->
