<?xml version="1.0" encoding="UTF-8"?>
<!-- Generated by org.testng.reporters.JUnitXMLReporter -->
<testsuite ignored="0" hostname="DESKTOP-OOHKJP3" failures="0" tests="4" name="User Access Groups Part 3" time="10.919" errors="0" timestamp="2023-10-05T10:46:13 CDT">
  <testcase classname="Execution.userAccessGroupsPart3" name="testForCertPage" time="1.462"/>
  <testcase classname="Execution.userAccessGroupsPart3" name="openAccessGroup" time="2.567"/>
  <testcase classname="Execution.userAccessGroupsPart3" name="deleteUserGroup" time="3.446"/>
  <testcase classname="Execution.userAccessGroupsPart3" name="confirmYes" time="1.026"/>
</testsuite> <!-- User Access Groups Part 3 -->
