<?xml version="1.0" encoding="UTF-8"?>
<!-- Generated by org.testng.reporters.JUnitXMLReporter -->
<testsuite ignored="0" hostname="BIR-LTEE2449258" failures="0" tests="9" name="Org Chart Workflow" time="27.898" errors="0" timestamp="2023-09-25T14:23:50 CDT">
  <testcase classname="Execution.orgChartWorkflow" name="testForCertPage" time="0.581"/>
  <testcase classname="Execution.orgChartWorkflow" name="searchByEmployee" time="2.282"/>
  <testcase classname="Execution.orgChartWorkflow" name="verifySearchByEmployee" time="2.588"/>
  <testcase classname="Execution.orgChartWorkflow" name="searchByPosition" time="2.785"/>
  <testcase classname="Execution.orgChartWorkflow" name="verifySearchByPosition" time="2.524"/>
  <testcase classname="Execution.orgChartWorkflow" name="searchByGroup" time="1.558"/>
  <testcase classname="Execution.orgChartWorkflow" name="verifySearchByGroup" time="2.499"/>
  <testcase classname="Execution.orgChartWorkflow" name="searchByServices" time="2.136"/>
  <testcase classname="Execution.orgChartWorkflow" name="verifySearchByService" time="2.526"/>
</testsuite> <!-- Org Chart Workflow -->
