<?xml version="1.0" encoding="UTF-8"?>
<testng-results ignored="0" total="318" passed="232" failed="86" skipped="0">
  <reporter-output>
  </reporter-output>
  <suite started-at="2023-11-20T15:08:56 CST" name="RegressionSuite-Prod-Demo1" finished-at="2023-11-20T15:18:45 CST" duration-ms="589101">
    <groups>
    </groups>
    <test started-at="2023-11-20T15:08:56 CST" name="Home Page" finished-at="2023-11-20T15:09:47 CST" duration-ms="51470">
      <class name="Execution.homePageTest">
        <test-method is-config="true" signature="initializeFramework(java.lang.String,java.lang.String)[pri:0, instance:Execution.homePageTest@56cdfb3b]" started-at="2023-11-20T15:08:56 CST" name="initializeFramework" finished-at="2023-11-20T15:09:02 CST" duration-ms="6406" status="PASS">
          <params>
            <param index="0">
              <value>
                <![CDATA[chrome]]>
              </value>
            </param>
            <param index="1">
              <value>
                <![CDATA[https://leaf.va.gov/Academy/Demo1/]]>
              </value>
            </param>
          </params>
          <reporter-output>
          </reporter-output>
        </test-method> <!-- initializeFramework -->
        <test-method is-config="true" signature="setUp()[pri:0, instance:Execution.homePageTest@56cdfb3b]" started-at="2023-11-20T15:09:02 CST" name="setUp" finished-at="2023-11-20T15:09:02 CST" duration-ms="1" status="PASS">
          <reporter-output>
          </reporter-output>
        </test-method> <!-- setUp -->
        <test-method is-config="true" signature="setUp()[pri:0, instance:Execution.homePageTest@56cdfb3b]" started-at="2023-11-20T15:09:02 CST" name="setUp" finished-at="2023-11-20T15:09:02 CST" duration-ms="1" status="PASS">
          <reporter-output>
          </reporter-output>
        </test-method> <!-- setUp -->
        <test-method signature="testForCertPage()[pri:1, instance:Execution.homePageTest@56cdfb3b]" started-at="2023-11-20T15:09:02 CST" name="testForCertPage" finished-at="2023-11-20T15:09:03 CST" duration-ms="568" status="PASS">
          <reporter-output>
          </reporter-output>
        </test-method> <!-- testForCertPage -->
        <test-method is-config="true" signature="setUp()[pri:0, instance:Execution.homePageTest@56cdfb3b]" started-at="2023-11-20T15:09:03 CST" name="setUp" finished-at="2023-11-20T15:09:03 CST" duration-ms="0" status="PASS">
          <reporter-output>
          </reporter-output>
        </test-method> <!-- setUp -->
        <test-method signature="verifyPageTitle()[pri:4, instance:Execution.homePageTest@56cdfb3b]" started-at="2023-11-20T15:09:03 CST" name="verifyPageTitle" finished-at="2023-11-20T15:09:03 CST" duration-ms="19" status="PASS">
          <reporter-output>
          </reporter-output>
        </test-method> <!-- verifyPageTitle -->
        <test-method is-config="true" signature="setUp()[pri:0, instance:Execution.homePageTest@56cdfb3b]" started-at="2023-11-20T15:09:03 CST" name="setUp" finished-at="2023-11-20T15:09:03 CST" duration-ms="0" status="PASS">
          <reporter-output>
          </reporter-output>
        </test-method> <!-- setUp -->
        <test-method signature="selectNewRequest()[pri:6, instance:Execution.homePageTest@56cdfb3b]" started-at="2023-11-20T15:09:03 CST" name="selectNewRequest" finished-at="2023-11-20T15:09:06 CST" duration-ms="2600" status="PASS">
          <reporter-output>
          </reporter-output>
        </test-method> <!-- selectNewRequest -->
        <test-method is-config="true" signature="setUp()[pri:0, instance:Execution.homePageTest@56cdfb3b]" started-at="2023-11-20T15:09:06 CST" name="setUp" finished-at="2023-11-20T15:09:06 CST" duration-ms="0" status="PASS">
          <reporter-output>
          </reporter-output>
        </test-method> <!-- setUp -->
        <test-method signature="selectInbox()[pri:8, instance:Execution.homePageTest@56cdfb3b]" started-at="2023-11-20T15:09:06 CST" name="selectInbox" finished-at="2023-11-20T15:09:12 CST" duration-ms="6655" status="PASS">
          <reporter-output>
          </reporter-output>
        </test-method> <!-- selectInbox -->
        <test-method is-config="true" signature="setUp()[pri:0, instance:Execution.homePageTest@56cdfb3b]" started-at="2023-11-20T15:09:12 CST" name="setUp" finished-at="2023-11-20T15:09:12 CST" duration-ms="0" status="PASS">
          <reporter-output>
          </reporter-output>
        </test-method> <!-- setUp -->
        <test-method signature="selectBookmarks()[pri:10, instance:Execution.homePageTest@56cdfb3b]" started-at="2023-11-20T15:09:12 CST" name="selectBookmarks" finished-at="2023-11-20T15:09:17 CST" duration-ms="4814" status="PASS">
          <reporter-output>
          </reporter-output>
        </test-method> <!-- selectBookmarks -->
        <test-method is-config="true" signature="setUp()[pri:0, instance:Execution.homePageTest@56cdfb3b]" started-at="2023-11-20T15:09:17 CST" name="setUp" finished-at="2023-11-20T15:09:17 CST" duration-ms="1" status="PASS">
          <reporter-output>
          </reporter-output>
        </test-method> <!-- setUp -->
        <test-method signature="selectReportBuilder()[pri:12, instance:Execution.homePageTest@56cdfb3b]" started-at="2023-11-20T15:09:17 CST" name="selectReportBuilder" finished-at="2023-11-20T15:09:22 CST" duration-ms="4929" status="PASS">
          <reporter-output>
          </reporter-output>
        </test-method> <!-- selectReportBuilder -->
        <test-method signature="showMoreRecords()[pri:13, instance:Execution.homePageTest@56cdfb3b]" started-at="2023-11-20T15:09:22 CST" name="showMoreRecords" finished-at="2023-11-20T15:09:26 CST" duration-ms="3610" status="PASS">
          <reporter-output>
          </reporter-output>
        </test-method> <!-- showMoreRecords -->
        <test-method is-config="true" signature="setUp()[pri:0, instance:Execution.homePageTest@56cdfb3b]" started-at="2023-11-20T15:09:22 CST" name="setUp" finished-at="2023-11-20T15:09:22 CST" duration-ms="0" status="PASS">
          <reporter-output>
          </reporter-output>
        </test-method> <!-- setUp -->
        <test-method is-config="true" signature="setUp()[pri:0, instance:Execution.homePageTest@56cdfb3b]" started-at="2023-11-20T15:09:26 CST" name="setUp" finished-at="2023-11-20T15:09:26 CST" duration-ms="0" status="PASS">
          <reporter-output>
          </reporter-output>
        </test-method> <!-- setUp -->
        <test-method signature="basicSearchNumber()[pri:15, instance:Execution.homePageTest@56cdfb3b]" started-at="2023-11-20T15:09:26 CST" name="basicSearchNumber" finished-at="2023-11-20T15:09:31 CST" duration-ms="5082" status="PASS">
          <reporter-output>
          </reporter-output>
        </test-method> <!-- basicSearchNumber -->
        <test-method is-config="true" signature="setUp()[pri:0, instance:Execution.homePageTest@56cdfb3b]" started-at="2023-11-20T15:09:31 CST" name="setUp" finished-at="2023-11-20T15:09:31 CST" duration-ms="0" status="PASS">
          <reporter-output>
          </reporter-output>
        </test-method> <!-- setUp -->
        <test-method signature="basicSearchText()[pri:20, instance:Execution.homePageTest@56cdfb3b]" started-at="2023-11-20T15:09:31 CST" name="basicSearchText" finished-at="2023-11-20T15:09:37 CST" duration-ms="6039" status="PASS">
          <reporter-output>
          </reporter-output>
        </test-method> <!-- basicSearchText -->
        <test-method signature="linksDropdown()[pri:25, instance:Execution.homePageTest@56cdfb3b]" started-at="2023-11-20T15:09:37 CST" name="linksDropdown" finished-at="2023-11-20T15:09:39 CST" duration-ms="2654" status="PASS">
          <reporter-output>
          </reporter-output>
        </test-method> <!-- linksDropdown -->
        <test-method is-config="true" signature="setUp()[pri:0, instance:Execution.homePageTest@56cdfb3b]" started-at="2023-11-20T15:09:37 CST" name="setUp" finished-at="2023-11-20T15:09:37 CST" duration-ms="0" status="PASS">
          <reporter-output>
          </reporter-output>
        </test-method> <!-- setUp -->
        <test-method signature="helpDropdown()[pri:30, instance:Execution.homePageTest@56cdfb3b]" started-at="2023-11-20T15:09:39 CST" name="helpDropdown" finished-at="2023-11-20T15:09:42 CST" duration-ms="2093" status="PASS">
          <reporter-output>
          </reporter-output>
        </test-method> <!-- helpDropdown -->
        <test-method is-config="true" signature="setUp()[pri:0, instance:Execution.homePageTest@56cdfb3b]" started-at="2023-11-20T15:09:39 CST" name="setUp" finished-at="2023-11-20T15:09:39 CST" duration-ms="0" status="PASS">
          <reporter-output>
          </reporter-output>
        </test-method> <!-- setUp -->
        <test-method is-config="true" signature="setUp()[pri:0, instance:Execution.homePageTest@56cdfb3b]" started-at="2023-11-20T15:09:42 CST" name="setUp" finished-at="2023-11-20T15:09:42 CST" duration-ms="1" status="PASS">
          <reporter-output>
          </reporter-output>
        </test-method> <!-- setUp -->
        <test-method signature="adminPanelPage()[pri:35, instance:Execution.homePageTest@56cdfb3b]" started-at="2023-11-20T15:09:42 CST" name="adminPanelPage" finished-at="2023-11-20T15:09:47 CST" duration-ms="5023" status="PASS">
          <reporter-output>
          </reporter-output>
        </test-method> <!-- adminPanelPage -->
        <test-method is-config="true" signature="closeDown()[pri:0, instance:Execution.homePageTest@56cdfb3b]" started-at="2023-11-20T15:09:47 CST" name="closeDown" finished-at="2023-11-20T15:09:47 CST" duration-ms="892" status="PASS">
          <reporter-output>
          </reporter-output>
        </test-method> <!-- closeDown -->
      </class> <!-- Execution.homePageTest -->
    </test> <!-- Home Page -->
    <test started-at="2023-11-20T15:09:48 CST" name="Org Chart Workflow" finished-at="2023-11-20T15:10:14 CST" duration-ms="26649">
      <class name="Execution.orgChartWorkflow">
        <test-method is-config="true" signature="initializeFramework(java.lang.String,java.lang.String)[pri:0, instance:Execution.orgChartWorkflow@17497425]" started-at="2023-11-20T15:09:48 CST" name="initializeFramework" finished-at="2023-11-20T15:09:54 CST" duration-ms="6455" status="PASS">
          <params>
            <param index="0">
              <value>
                <![CDATA[chrome]]>
              </value>
            </param>
            <param index="1">
              <value>
                <![CDATA[https://leaf.va.gov/Academy/orgchart/]]>
              </value>
            </param>
          </params>
          <reporter-output>
          </reporter-output>
        </test-method> <!-- initializeFramework -->
        <test-method is-config="true" signature="setUp()[pri:0, instance:Execution.orgChartWorkflow@17497425]" started-at="2023-11-20T15:09:54 CST" name="setUp" finished-at="2023-11-20T15:09:54 CST" duration-ms="0" status="PASS">
          <reporter-output>
          </reporter-output>
        </test-method> <!-- setUp -->
        <test-method signature="testForCertPage()[pri:1, instance:Execution.orgChartWorkflow@17497425]" started-at="2023-11-20T15:09:54 CST" name="testForCertPage" finished-at="2023-11-20T15:09:55 CST" duration-ms="600" status="PASS">
          <reporter-output>
          </reporter-output>
        </test-method> <!-- testForCertPage -->
        <test-method is-config="true" signature="setUp()[pri:0, instance:Execution.orgChartWorkflow@17497425]" started-at="2023-11-20T15:09:54 CST" name="setUp" finished-at="2023-11-20T15:09:54 CST" duration-ms="0" status="PASS">
          <reporter-output>
          </reporter-output>
        </test-method> <!-- setUp -->
        <test-method signature="searchByEmployee()[pri:102, instance:Execution.orgChartWorkflow@17497425]" started-at="2023-11-20T15:09:55 CST" name="searchByEmployee" finished-at="2023-11-20T15:09:57 CST" duration-ms="2217" status="PASS">
          <reporter-output>
          </reporter-output>
        </test-method> <!-- searchByEmployee -->
        <test-method is-config="true" signature="setUp()[pri:0, instance:Execution.orgChartWorkflow@17497425]" started-at="2023-11-20T15:09:55 CST" name="setUp" finished-at="2023-11-20T15:09:55 CST" duration-ms="0" status="PASS">
          <reporter-output>
          </reporter-output>
        </test-method> <!-- setUp -->
        <test-method is-config="true" signature="setUp()[pri:0, instance:Execution.orgChartWorkflow@17497425]" started-at="2023-11-20T15:09:57 CST" name="setUp" finished-at="2023-11-20T15:09:57 CST" duration-ms="1" status="PASS">
          <reporter-output>
          </reporter-output>
        </test-method> <!-- setUp -->
        <test-method signature="verifySearchByEmployee()[pri:104, instance:Execution.orgChartWorkflow@17497425]" started-at="2023-11-20T15:09:57 CST" name="verifySearchByEmployee" finished-at="2023-11-20T15:09:59 CST" duration-ms="2588" status="PASS">
          <reporter-output>
          </reporter-output>
        </test-method> <!-- verifySearchByEmployee -->
        <test-method is-config="true" signature="setUp()[pri:0, instance:Execution.orgChartWorkflow@17497425]" started-at="2023-11-20T15:09:59 CST" name="setUp" finished-at="2023-11-20T15:09:59 CST" duration-ms="0" status="PASS">
          <reporter-output>
          </reporter-output>
        </test-method> <!-- setUp -->
        <test-method signature="searchByPosition()[pri:106, instance:Execution.orgChartWorkflow@17497425]" started-at="2023-11-20T15:09:59 CST" name="searchByPosition" finished-at="2023-11-20T15:10:02 CST" duration-ms="2703" status="PASS">
          <reporter-output>
          </reporter-output>
        </test-method> <!-- searchByPosition -->
        <test-method signature="verifySearchByPosition()[pri:108, instance:Execution.orgChartWorkflow@17497425]" started-at="2023-11-20T15:10:02 CST" name="verifySearchByPosition" finished-at="2023-11-20T15:10:05 CST" duration-ms="2523" status="PASS">
          <reporter-output>
          </reporter-output>
        </test-method> <!-- verifySearchByPosition -->
        <test-method is-config="true" signature="setUp()[pri:0, instance:Execution.orgChartWorkflow@17497425]" started-at="2023-11-20T15:10:02 CST" name="setUp" finished-at="2023-11-20T15:10:02 CST" duration-ms="0" status="PASS">
          <reporter-output>
          </reporter-output>
        </test-method> <!-- setUp -->
        <test-method is-config="true" signature="setUp()[pri:0, instance:Execution.orgChartWorkflow@17497425]" started-at="2023-11-20T15:10:05 CST" name="setUp" finished-at="2023-11-20T15:10:05 CST" duration-ms="1" status="PASS">
          <reporter-output>
          </reporter-output>
        </test-method> <!-- setUp -->
        <test-method signature="searchByGroup()[pri:110, instance:Execution.orgChartWorkflow@17497425]" started-at="2023-11-20T15:10:05 CST" name="searchByGroup" finished-at="2023-11-20T15:10:06 CST" duration-ms="1491" status="PASS">
          <reporter-output>
          </reporter-output>
        </test-method> <!-- searchByGroup -->
        <test-method signature="verifySearchByGroup()[pri:112, instance:Execution.orgChartWorkflow@17497425]" started-at="2023-11-20T15:10:06 CST" name="verifySearchByGroup" finished-at="2023-11-20T15:10:09 CST" duration-ms="2525" status="PASS">
          <reporter-output>
          </reporter-output>
        </test-method> <!-- verifySearchByGroup -->
        <test-method is-config="true" signature="setUp()[pri:0, instance:Execution.orgChartWorkflow@17497425]" started-at="2023-11-20T15:10:06 CST" name="setUp" finished-at="2023-11-20T15:10:06 CST" duration-ms="0" status="PASS">
          <reporter-output>
          </reporter-output>
        </test-method> <!-- setUp -->
        <test-method is-config="true" signature="setUp()[pri:0, instance:Execution.orgChartWorkflow@17497425]" started-at="2023-11-20T15:10:09 CST" name="setUp" finished-at="2023-11-20T15:10:09 CST" duration-ms="0" status="PASS">
          <reporter-output>
          </reporter-output>
        </test-method> <!-- setUp -->
        <test-method signature="searchByServices()[pri:114, instance:Execution.orgChartWorkflow@17497425]" started-at="2023-11-20T15:10:09 CST" name="searchByServices" finished-at="2023-11-20T15:10:11 CST" duration-ms="2274" status="PASS">
          <reporter-output>
          </reporter-output>
        </test-method> <!-- searchByServices -->
        <test-method is-config="true" signature="setUp()[pri:0, instance:Execution.orgChartWorkflow@17497425]" started-at="2023-11-20T15:10:11 CST" name="setUp" finished-at="2023-11-20T15:10:11 CST" duration-ms="1" status="PASS">
          <reporter-output>
          </reporter-output>
        </test-method> <!-- setUp -->
        <test-method signature="verifySearchByService()[pri:116, instance:Execution.orgChartWorkflow@17497425]" started-at="2023-11-20T15:10:11 CST" name="verifySearchByService" finished-at="2023-11-20T15:10:13 CST" duration-ms="2521" status="PASS">
          <reporter-output>
          </reporter-output>
        </test-method> <!-- verifySearchByService -->
        <test-method is-config="true" signature="closeDown()[pri:0, instance:Execution.orgChartWorkflow@17497425]" started-at="2023-11-20T15:10:13 CST" name="closeDown" finished-at="2023-11-20T15:10:14 CST" duration-ms="723" status="PASS">
          <reporter-output>
          </reporter-output>
        </test-method> <!-- closeDown -->
      </class> <!-- Execution.orgChartWorkflow -->
    </test> <!-- Org Chart Workflow -->
    <test started-at="2023-11-20T15:10:14 CST" name="Forms Workflow" finished-at="2023-11-20T15:14:49 CST" duration-ms="274746">
      <class name="Execution.formsWorkflow">
        <test-method is-config="true" signature="initializeFramework(java.lang.String,java.lang.String)[pri:0, instance:Execution.formsWorkflow@1e1a0406]" started-at="2023-11-20T15:10:14 CST" name="initializeFramework" finished-at="2023-11-20T15:10:20 CST" duration-ms="5645" status="PASS">
          <params>
            <param index="0">
              <value>
                <![CDATA[chrome]]>
              </value>
            </param>
            <param index="1">
              <value>
                <![CDATA[https://leaf.va.gov/Academy/Demo1/admin/?a=form#]]>
              </value>
            </param>
          </params>
          <reporter-output>
          </reporter-output>
        </test-method> <!-- initializeFramework -->
        <test-method is-config="true" signature="setUp()[pri:0, instance:Execution.formsWorkflow@1e1a0406]" started-at="2023-11-20T15:10:20 CST" name="setUp" finished-at="2023-11-20T15:10:20 CST" duration-ms="0" status="PASS">
          <reporter-output>
          </reporter-output>
        </test-method> <!-- setUp -->
        <test-method is-config="true" signature="setUp()[pri:0, instance:Execution.formsWorkflow@1e1a0406]" started-at="2023-11-20T15:10:20 CST" name="setUp" finished-at="2023-11-20T15:10:20 CST" duration-ms="0" status="PASS">
          <reporter-output>
          </reporter-output>
        </test-method> <!-- setUp -->
        <test-method signature="testForCertPage()[pri:1, instance:Execution.formsWorkflow@1e1a0406]" started-at="2023-11-20T15:10:20 CST" name="testForCertPage" finished-at="2023-11-20T15:10:21 CST" duration-ms="698" status="PASS">
          <reporter-output>
          </reporter-output>
        </test-method> <!-- testForCertPage -->
        <test-method signature="clickCreateForm()[pri:90, instance:Execution.formsWorkflow@1e1a0406]" started-at="2023-11-20T15:10:21 CST" name="clickCreateForm" finished-at="2023-11-20T15:10:23 CST" duration-ms="1921" status="PASS">
          <reporter-output>
          </reporter-output>
        </test-method> <!-- clickCreateForm -->
        <test-method is-config="true" signature="setUp()[pri:0, instance:Execution.formsWorkflow@1e1a0406]" started-at="2023-11-20T15:10:21 CST" name="setUp" finished-at="2023-11-20T15:10:21 CST" duration-ms="0" status="PASS">
          <reporter-output>
          </reporter-output>
        </test-method> <!-- setUp -->
        <test-method is-config="true" signature="setUp()[pri:0, instance:Execution.formsWorkflow@1e1a0406]" started-at="2023-11-20T15:10:23 CST" name="setUp" finished-at="2023-11-20T15:10:23 CST" duration-ms="0" status="PASS">
          <reporter-output>
          </reporter-output>
        </test-method> <!-- setUp -->
        <test-method signature="inputFormLabel()[pri:92, instance:Execution.formsWorkflow@1e1a0406]" started-at="2023-11-20T15:10:23 CST" name="inputFormLabel" finished-at="2023-11-20T15:10:24 CST" duration-ms="1462" status="PASS">
          <reporter-output>
          </reporter-output>
        </test-method> <!-- inputFormLabel -->
        <test-method is-config="true" signature="setUp()[pri:0, instance:Execution.formsWorkflow@1e1a0406]" started-at="2023-11-20T15:10:24 CST" name="setUp" finished-at="2023-11-20T15:10:24 CST" duration-ms="1" status="PASS">
          <reporter-output>
          </reporter-output>
        </test-method> <!-- setUp -->
        <test-method signature="inputFormDesc()[pri:94, instance:Execution.formsWorkflow@1e1a0406]" started-at="2023-11-20T15:10:24 CST" name="inputFormDesc" finished-at="2023-11-20T15:10:26 CST" duration-ms="2218" status="PASS">
          <reporter-output>
          </reporter-output>
        </test-method> <!-- inputFormDesc -->
        <test-method is-config="true" signature="setUp()[pri:0, instance:Execution.formsWorkflow@1e1a0406]" started-at="2023-11-20T15:10:26 CST" name="setUp" finished-at="2023-11-20T15:10:26 CST" duration-ms="0" status="PASS">
          <reporter-output>
          </reporter-output>
        </test-method> <!-- setUp -->
        <test-method signature="selectSave()[pri:96, instance:Execution.formsWorkflow@1e1a0406]" started-at="2023-11-20T15:10:26 CST" name="selectSave" finished-at="2023-11-20T15:10:28 CST" duration-ms="1795" status="PASS">
          <reporter-output>
          </reporter-output>
        </test-method> <!-- selectSave -->
        <test-method signature="deleteForm()[pri:98, instance:Execution.formsWorkflow@1e1a0406]" started-at="2023-11-20T15:10:28 CST" name="deleteForm" finished-at="2023-11-20T15:10:30 CST" duration-ms="1792" status="PASS">
          <reporter-output>
          </reporter-output>
        </test-method> <!-- deleteForm -->
        <test-method is-config="true" signature="setUp()[pri:0, instance:Execution.formsWorkflow@1e1a0406]" started-at="2023-11-20T15:10:28 CST" name="setUp" finished-at="2023-11-20T15:10:28 CST" duration-ms="0" status="PASS">
          <reporter-output>
          </reporter-output>
        </test-method> <!-- setUp -->
        <test-method is-config="true" signature="setUp()[pri:0, instance:Execution.formsWorkflow@1e1a0406]" started-at="2023-11-20T15:10:30 CST" name="setUp" finished-at="2023-11-20T15:10:30 CST" duration-ms="0" status="PASS">
          <reporter-output>
          </reporter-output>
        </test-method> <!-- setUp -->
        <test-method signature="confirmDeleteForm()[pri:100, instance:Execution.formsWorkflow@1e1a0406]" started-at="2023-11-20T15:10:30 CST" name="confirmDeleteForm" finished-at="2023-11-20T15:10:32 CST" duration-ms="1791" status="PASS">
          <reporter-output>
          </reporter-output>
        </test-method> <!-- confirmDeleteForm -->
        <test-method is-config="true" signature="setUp()[pri:0, instance:Execution.formsWorkflow@1e1a0406]" started-at="2023-11-20T15:10:32 CST" name="setUp" finished-at="2023-11-20T15:10:32 CST" duration-ms="1" status="PASS">
          <reporter-output>
          </reporter-output>
        </test-method> <!-- setUp -->
        <test-method signature="clickCreateForm02()[pri:102, instance:Execution.formsWorkflow@1e1a0406]" started-at="2023-11-20T15:10:32 CST" name="clickCreateForm02" finished-at="2023-11-20T15:10:34 CST" duration-ms="2209" status="PASS">
          <reporter-output>
          </reporter-output>
        </test-method> <!-- clickCreateForm02 -->
        <test-method is-config="true" signature="setUp()[pri:0, instance:Execution.formsWorkflow@1e1a0406]" started-at="2023-11-20T15:10:34 CST" name="setUp" finished-at="2023-11-20T15:10:34 CST" duration-ms="0" status="PASS">
          <reporter-output>
          </reporter-output>
        </test-method> <!-- setUp -->
        <test-method signature="inputFormLabel02()[pri:104, instance:Execution.formsWorkflow@1e1a0406]" started-at="2023-11-20T15:10:34 CST" name="inputFormLabel02" finished-at="2023-11-20T15:10:36 CST" duration-ms="2129" status="PASS">
          <reporter-output>
          </reporter-output>
        </test-method> <!-- inputFormLabel02 -->
        <test-method signature="inputFormDesc02()[pri:106, instance:Execution.formsWorkflow@1e1a0406]" started-at="2023-11-20T15:10:36 CST" name="inputFormDesc02" finished-at="2023-11-20T15:10:39 CST" duration-ms="3468" status="PASS">
          <reporter-output>
          </reporter-output>
        </test-method> <!-- inputFormDesc02 -->
        <test-method is-config="true" signature="setUp()[pri:0, instance:Execution.formsWorkflow@1e1a0406]" started-at="2023-11-20T15:10:36 CST" name="setUp" finished-at="2023-11-20T15:10:36 CST" duration-ms="0" status="PASS">
          <reporter-output>
          </reporter-output>
        </test-method> <!-- setUp -->
        <test-method is-config="true" signature="setUp()[pri:0, instance:Execution.formsWorkflow@1e1a0406]" started-at="2023-11-20T15:10:39 CST" name="setUp" finished-at="2023-11-20T15:10:39 CST" duration-ms="0" status="PASS">
          <reporter-output>
          </reporter-output>
        </test-method> <!-- setUp -->
        <test-method signature="selectCancel()[pri:108, instance:Execution.formsWorkflow@1e1a0406]" started-at="2023-11-20T15:10:39 CST" name="selectCancel" finished-at="2023-11-20T15:10:41 CST" duration-ms="1783" status="PASS">
          <reporter-output>
          </reporter-output>
        </test-method> <!-- selectCancel -->
        <test-method signature="clickCreateForm03()[pri:110, instance:Execution.formsWorkflow@1e1a0406]" started-at="2023-11-20T15:10:41 CST" name="clickCreateForm03" finished-at="2023-11-20T15:10:43 CST" duration-ms="1784" status="PASS">
          <reporter-output>
          </reporter-output>
        </test-method> <!-- clickCreateForm03 -->
        <test-method is-config="true" signature="setUp()[pri:0, instance:Execution.formsWorkflow@1e1a0406]" started-at="2023-11-20T15:10:41 CST" name="setUp" finished-at="2023-11-20T15:10:41 CST" duration-ms="0" status="PASS">
          <reporter-output>
          </reporter-output>
        </test-method> <!-- setUp -->
        <test-method signature="inputFormLabel03()[pri:112, instance:Execution.formsWorkflow@1e1a0406]" started-at="2023-11-20T15:10:43 CST" name="inputFormLabel03" finished-at="2023-11-20T15:10:45 CST" duration-ms="2194" status="PASS">
          <reporter-output>
          </reporter-output>
        </test-method> <!-- inputFormLabel03 -->
        <test-method is-config="true" signature="setUp()[pri:0, instance:Execution.formsWorkflow@1e1a0406]" started-at="2023-11-20T15:10:43 CST" name="setUp" finished-at="2023-11-20T15:10:43 CST" duration-ms="0" status="PASS">
          <reporter-output>
          </reporter-output>
        </test-method> <!-- setUp -->
        <test-method is-config="true" signature="setUp()[pri:0, instance:Execution.formsWorkflow@1e1a0406]" started-at="2023-11-20T15:10:45 CST" name="setUp" finished-at="2023-11-20T15:10:45 CST" duration-ms="1" status="PASS">
          <reporter-output>
          </reporter-output>
        </test-method> <!-- setUp -->
        <test-method signature="inputFormDesc03()[pri:114, instance:Execution.formsWorkflow@1e1a0406]" started-at="2023-11-20T15:10:45 CST" name="inputFormDesc03" finished-at="2023-11-20T15:10:49 CST" duration-ms="3642" status="PASS">
          <reporter-output>
          </reporter-output>
        </test-method> <!-- inputFormDesc03 -->
        <test-method is-config="true" signature="setUp()[pri:0, instance:Execution.formsWorkflow@1e1a0406]" started-at="2023-11-20T15:10:49 CST" name="setUp" finished-at="2023-11-20T15:10:49 CST" duration-ms="1" status="PASS">
          <reporter-output>
          </reporter-output>
        </test-method> <!-- setUp -->
        <test-method signature="selectSave01()[pri:116, instance:Execution.formsWorkflow@1e1a0406]" started-at="2023-11-20T15:10:49 CST" name="selectSave01" finished-at="2023-11-20T15:10:51 CST" duration-ms="1788" status="PASS">
          <reporter-output>
          </reporter-output>
        </test-method> <!-- selectSave01 -->
        <test-method signature="selectEditProperties()[pri:118, instance:Execution.formsWorkflow@1e1a0406]" started-at="2023-11-20T15:10:51 CST" name="selectEditProperties" finished-at="2023-11-20T15:10:52 CST" duration-ms="1796" status="PASS">
          <reporter-output>
          </reporter-output>
        </test-method> <!-- selectEditProperties -->
        <test-method is-config="true" signature="setUp()[pri:0, instance:Execution.formsWorkflow@1e1a0406]" started-at="2023-11-20T15:10:51 CST" name="setUp" finished-at="2023-11-20T15:10:51 CST" duration-ms="0" status="PASS">
          <reporter-output>
          </reporter-output>
        </test-method> <!-- setUp -->
        <test-method is-config="true" signature="setUp()[pri:0, instance:Execution.formsWorkflow@1e1a0406]" started-at="2023-11-20T15:10:52 CST" name="setUp" finished-at="2023-11-20T15:10:52 CST" duration-ms="1" status="PASS">
          <reporter-output>
          </reporter-output>
        </test-method> <!-- setUp -->
        <test-method signature="selectWorkflow()[pri:120, instance:Execution.formsWorkflow@1e1a0406]" started-at="2023-11-20T15:10:52 CST" name="selectWorkflow" finished-at="2023-11-20T15:10:57 CST" duration-ms="4214" status="PASS">
          <reporter-output>
          </reporter-output>
        </test-method> <!-- selectWorkflow -->
        <test-method is-config="true" signature="setUp()[pri:0, instance:Execution.formsWorkflow@1e1a0406]" started-at="2023-11-20T15:10:57 CST" name="setUp" finished-at="2023-11-20T15:10:57 CST" duration-ms="0" status="PASS">
          <reporter-output>
          </reporter-output>
        </test-method> <!-- setUp -->
        <test-method signature="selectCancelChange()[pri:122, instance:Execution.formsWorkflow@1e1a0406]" started-at="2023-11-20T15:10:57 CST" name="selectCancelChange" finished-at="2023-11-20T15:10:58 CST" duration-ms="1777" status="PASS">
          <reporter-output>
          </reporter-output>
        </test-method> <!-- selectCancelChange -->
        <test-method is-config="true" signature="setUp()[pri:0, instance:Execution.formsWorkflow@1e1a0406]" started-at="2023-11-20T15:10:58 CST" name="setUp" finished-at="2023-11-20T15:10:58 CST" duration-ms="0" status="PASS">
          <reporter-output>
          </reporter-output>
        </test-method> <!-- setUp -->
        <test-method signature="selectEditProperties2()[pri:124, instance:Execution.formsWorkflow@1e1a0406]" started-at="2023-11-20T15:10:58 CST" name="selectEditProperties2" finished-at="2023-11-20T15:11:00 CST" duration-ms="1791" status="PASS">
          <reporter-output>
          </reporter-output>
        </test-method> <!-- selectEditProperties2 -->
        <test-method signature="selectWorkflow2()[pri:126, instance:Execution.formsWorkflow@1e1a0406]" started-at="2023-11-20T15:11:00 CST" name="selectWorkflow2" finished-at="2023-11-20T15:11:04 CST" duration-ms="4055" status="PASS">
          <reporter-output>
          </reporter-output>
        </test-method> <!-- selectWorkflow2 -->
        <test-method is-config="true" signature="setUp()[pri:0, instance:Execution.formsWorkflow@1e1a0406]" started-at="2023-11-20T15:11:00 CST" name="setUp" finished-at="2023-11-20T15:11:00 CST" duration-ms="0" status="PASS">
          <reporter-output>
          </reporter-output>
        </test-method> <!-- setUp -->
        <test-method is-config="true" signature="setUp()[pri:0, instance:Execution.formsWorkflow@1e1a0406]" started-at="2023-11-20T15:11:04 CST" name="setUp" finished-at="2023-11-20T15:11:04 CST" duration-ms="0" status="PASS">
          <reporter-output>
          </reporter-output>
        </test-method> <!-- setUp -->
        <test-method signature="selectNeedToKnow()[pri:128, instance:Execution.formsWorkflow@1e1a0406]" started-at="2023-11-20T15:11:04 CST" name="selectNeedToKnow" finished-at="2023-11-20T15:11:07 CST" duration-ms="2725" status="PASS">
          <reporter-output>
          </reporter-output>
        </test-method> <!-- selectNeedToKnow -->
        <test-method signature="selectAvailability()[pri:130, instance:Execution.formsWorkflow@1e1a0406]" started-at="2023-11-20T15:11:07 CST" name="selectAvailability" finished-at="2023-11-20T15:11:10 CST" duration-ms="2952" status="PASS">
          <reporter-output>
          </reporter-output>
        </test-method> <!-- selectAvailability -->
        <test-method is-config="true" signature="setUp()[pri:0, instance:Execution.formsWorkflow@1e1a0406]" started-at="2023-11-20T15:11:07 CST" name="setUp" finished-at="2023-11-20T15:11:07 CST" duration-ms="0" status="PASS">
          <reporter-output>
          </reporter-output>
        </test-method> <!-- setUp -->
        <test-method signature="selectSortPriority()[pri:132, instance:Execution.formsWorkflow@1e1a0406]" started-at="2023-11-20T15:11:10 CST" name="selectSortPriority" finished-at="2023-11-20T15:11:12 CST" duration-ms="1780" status="PASS">
          <reporter-output>
          </reporter-output>
        </test-method> <!-- selectSortPriority -->
        <test-method is-config="true" signature="setUp()[pri:0, instance:Execution.formsWorkflow@1e1a0406]" started-at="2023-11-20T15:11:10 CST" name="setUp" finished-at="2023-11-20T15:11:10 CST" duration-ms="0" status="PASS">
          <reporter-output>
          </reporter-output>
        </test-method> <!-- setUp -->
        <test-method is-config="true" signature="setUp()[pri:0, instance:Execution.formsWorkflow@1e1a0406]" started-at="2023-11-20T15:11:12 CST" name="setUp" finished-at="2023-11-20T15:11:12 CST" duration-ms="0" status="PASS">
          <reporter-output>
          </reporter-output>
        </test-method> <!-- setUp -->
        <test-method signature="selectType()[pri:134, instance:Execution.formsWorkflow@1e1a0406]" started-at="2023-11-20T15:11:12 CST" name="selectType" finished-at="2023-11-20T15:11:14 CST" duration-ms="2757" status="PASS">
          <reporter-output>
          </reporter-output>
        </test-method> <!-- selectType -->
        <test-method signature="selectSaveProperties()[pri:136, instance:Execution.formsWorkflow@1e1a0406]" started-at="2023-11-20T15:11:14 CST" name="selectSaveProperties" finished-at="2023-11-20T15:11:16 CST" duration-ms="1796" status="PASS">
          <reporter-output>
          </reporter-output>
        </test-method> <!-- selectSaveProperties -->
        <test-method is-config="true" signature="setUp()[pri:0, instance:Execution.formsWorkflow@1e1a0406]" started-at="2023-11-20T15:11:14 CST" name="setUp" finished-at="2023-11-20T15:11:14 CST" duration-ms="0" status="PASS">
          <reporter-output>
          </reporter-output>
        </test-method> <!-- setUp -->
        <test-method is-config="true" signature="setUp()[pri:0, instance:Execution.formsWorkflow@1e1a0406]" started-at="2023-11-20T15:11:16 CST" name="setUp" finished-at="2023-11-20T15:11:16 CST" duration-ms="0" status="PASS">
          <reporter-output>
          </reporter-output>
        </test-method> <!-- setUp -->
        <test-method signature="selectEditCollaborators()[pri:138, instance:Execution.formsWorkflow@1e1a0406]" started-at="2023-11-20T15:11:16 CST" name="selectEditCollaborators" finished-at="2023-11-20T15:11:19 CST" duration-ms="2511" status="PASS">
          <reporter-output>
          </reporter-output>
        </test-method> <!-- selectEditCollaborators -->
        <test-method is-config="true" signature="setUp()[pri:0, instance:Execution.formsWorkflow@1e1a0406]" started-at="2023-11-20T15:11:19 CST" name="setUp" finished-at="2023-11-20T15:11:19 CST" duration-ms="1" status="PASS">
          <reporter-output>
          </reporter-output>
        </test-method> <!-- setUp -->
        <test-method signature="selectAddGroup()[pri:140, instance:Execution.formsWorkflow@1e1a0406]" started-at="2023-11-20T15:11:19 CST" name="selectAddGroup" finished-at="2023-11-20T15:11:21 CST" duration-ms="1988" status="PASS">
          <reporter-output>
          </reporter-output>
        </test-method> <!-- selectAddGroup -->
        <test-method signature="selectAddCollaborators()[pri:142, instance:Execution.formsWorkflow@1e1a0406]" started-at="2023-11-20T15:11:21 CST" name="selectAddCollaborators" finished-at="2023-11-20T15:11:25 CST" duration-ms="4140" status="PASS">
          <reporter-output>
          </reporter-output>
        </test-method> <!-- selectAddCollaborators -->
        <test-method is-config="true" signature="setUp()[pri:0, instance:Execution.formsWorkflow@1e1a0406]" started-at="2023-11-20T15:11:21 CST" name="setUp" finished-at="2023-11-20T15:11:21 CST" duration-ms="0" status="PASS">
          <reporter-output>
          </reporter-output>
        </test-method> <!-- setUp -->
        <test-method is-config="true" signature="setUp()[pri:0, instance:Execution.formsWorkflow@1e1a0406]" started-at="2023-11-20T15:11:25 CST" name="setUp" finished-at="2023-11-20T15:11:25 CST" duration-ms="0" status="PASS">
          <reporter-output>
          </reporter-output>
        </test-method> <!-- setUp -->
        <test-method signature="selectSaveCollaborators()[pri:144, instance:Execution.formsWorkflow@1e1a0406]" started-at="2023-11-20T15:11:25 CST" name="selectSaveCollaborators" finished-at="2023-11-20T15:11:27 CST" duration-ms="1773" status="PASS">
          <reporter-output>
          </reporter-output>
        </test-method> <!-- selectSaveCollaborators -->
        <test-method is-config="true" signature="setUp()[pri:0, instance:Execution.formsWorkflow@1e1a0406]" started-at="2023-11-20T15:11:27 CST" name="setUp" finished-at="2023-11-20T15:11:27 CST" duration-ms="0" status="PASS">
          <reporter-output>
          </reporter-output>
        </test-method> <!-- setUp -->
        <test-method signature="closeCollaborators()[pri:146, instance:Execution.formsWorkflow@1e1a0406]" started-at="2023-11-20T15:11:27 CST" name="closeCollaborators" finished-at="2023-11-20T15:11:29 CST" duration-ms="1866" status="PASS">
          <reporter-output>
          </reporter-output>
        </test-method> <!-- closeCollaborators -->
        <test-method is-config="true" signature="setUp()[pri:0, instance:Execution.formsWorkflow@1e1a0406]" started-at="2023-11-20T15:11:29 CST" name="setUp" finished-at="2023-11-20T15:11:29 CST" duration-ms="1" status="PASS">
          <reporter-output>
          </reporter-output>
        </test-method> <!-- setUp -->
        <test-method signature="selectEditCollaborators2()[pri:148, instance:Execution.formsWorkflow@1e1a0406]" started-at="2023-11-20T15:11:29 CST" name="selectEditCollaborators2" finished-at="2023-11-20T15:11:32 CST" duration-ms="3140" status="PASS">
          <reporter-output>
          </reporter-output>
        </test-method> <!-- selectEditCollaborators2 -->
        <test-method is-config="true" signature="setUp()[pri:0, instance:Execution.formsWorkflow@1e1a0406]" started-at="2023-11-20T15:11:32 CST" name="setUp" finished-at="2023-11-20T15:11:32 CST" duration-ms="0" status="PASS">
          <reporter-output>
          </reporter-output>
        </test-method> <!-- setUp -->
        <test-method signature="selectRemoveCollaborators()[pri:150, instance:Execution.formsWorkflow@1e1a0406]" started-at="2023-11-20T15:11:32 CST" name="selectRemoveCollaborators" finished-at="2023-11-20T15:11:34 CST" duration-ms="2361" status="PASS">
          <reporter-output>
          </reporter-output>
        </test-method> <!-- selectRemoveCollaborators -->
        <test-method signature="selectAddGroup2()[pri:152, instance:Execution.formsWorkflow@1e1a0406]" started-at="2023-11-20T15:11:34 CST" name="selectAddGroup2" finished-at="2023-11-20T15:11:36 CST" duration-ms="1965" status="PASS">
          <reporter-output>
          </reporter-output>
        </test-method> <!-- selectAddGroup2 -->
        <test-method is-config="true" signature="setUp()[pri:0, instance:Execution.formsWorkflow@1e1a0406]" started-at="2023-11-20T15:11:34 CST" name="setUp" finished-at="2023-11-20T15:11:34 CST" duration-ms="0" status="PASS">
          <reporter-output>
          </reporter-output>
        </test-method> <!-- setUp -->
        <test-method signature="selectAddCollaborators2()[pri:154, instance:Execution.formsWorkflow@1e1a0406]" started-at="2023-11-20T15:11:36 CST" name="selectAddCollaborators2" finished-at="2023-11-20T15:11:40 CST" duration-ms="4154" status="PASS">
          <reporter-output>
          </reporter-output>
        </test-method> <!-- selectAddCollaborators2 -->
        <test-method is-config="true" signature="setUp()[pri:0, instance:Execution.formsWorkflow@1e1a0406]" started-at="2023-11-20T15:11:36 CST" name="setUp" finished-at="2023-11-20T15:11:36 CST" duration-ms="0" status="PASS">
          <reporter-output>
          </reporter-output>
        </test-method> <!-- setUp -->
        <test-method signature="selectSaveCollaborators02()[pri:156, instance:Execution.formsWorkflow@1e1a0406]" started-at="2023-11-20T15:11:40 CST" name="selectSaveCollaborators02" finished-at="2023-11-20T15:11:42 CST" duration-ms="1780" status="PASS">
          <reporter-output>
          </reporter-output>
        </test-method> <!-- selectSaveCollaborators02 -->
        <test-method is-config="true" signature="setUp()[pri:0, instance:Execution.formsWorkflow@1e1a0406]" started-at="2023-11-20T15:11:40 CST" name="setUp" finished-at="2023-11-20T15:11:40 CST" duration-ms="0" status="PASS">
          <reporter-output>
          </reporter-output>
        </test-method> <!-- setUp -->
        <test-method is-config="true" signature="setUp()[pri:0, instance:Execution.formsWorkflow@1e1a0406]" started-at="2023-11-20T15:11:42 CST" name="setUp" finished-at="2023-11-20T15:11:42 CST" duration-ms="1" status="PASS">
          <reporter-output>
          </reporter-output>
        </test-method> <!-- setUp -->
        <test-method signature="closeCollaborators02()[pri:158, instance:Execution.formsWorkflow@1e1a0406]" started-at="2023-11-20T15:11:42 CST" name="closeCollaborators02" finished-at="2023-11-20T15:11:44 CST" duration-ms="1882" status="PASS">
          <reporter-output>
          </reporter-output>
        </test-method> <!-- closeCollaborators02 -->
        <test-method is-config="true" signature="setUp()[pri:0, instance:Execution.formsWorkflow@1e1a0406]" started-at="2023-11-20T15:11:44 CST" name="setUp" finished-at="2023-11-20T15:11:44 CST" duration-ms="1" status="PASS">
          <reporter-output>
          </reporter-output>
        </test-method> <!-- setUp -->
        <test-method signature="selectAddSectionHeading01()[pri:160, instance:Execution.formsWorkflow@1e1a0406]" started-at="2023-11-20T15:11:44 CST" name="selectAddSectionHeading01" finished-at="2023-11-20T15:11:46 CST" duration-ms="1812" status="PASS">
          <reporter-output>
          </reporter-output>
        </test-method> <!-- selectAddSectionHeading01 -->
        <test-method signature="inputFieldName01()[pri:162, instance:Execution.formsWorkflow@1e1a0406]" started-at="2023-11-20T15:11:46 CST" name="inputFieldName01" finished-at="2023-11-20T15:11:48 CST" duration-ms="2830" status="PASS">
          <reporter-output>
          </reporter-output>
        </test-method> <!-- inputFieldName01 -->
        <test-method is-config="true" signature="setUp()[pri:0, instance:Execution.formsWorkflow@1e1a0406]" started-at="2023-11-20T15:11:46 CST" name="setUp" finished-at="2023-11-20T15:11:46 CST" duration-ms="0" status="PASS">
          <reporter-output>
          </reporter-output>
        </test-method> <!-- setUp -->
        <test-method is-config="true" signature="setUp()[pri:0, instance:Execution.formsWorkflow@1e1a0406]" started-at="2023-11-20T15:11:48 CST" name="setUp" finished-at="2023-11-20T15:11:48 CST" duration-ms="0" status="PASS">
          <reporter-output>
          </reporter-output>
        </test-method> <!-- setUp -->
        <test-method signature="inputShortLabel01()[pri:164, instance:Execution.formsWorkflow@1e1a0406]" started-at="2023-11-20T15:11:48 CST" name="inputShortLabel01" finished-at="2023-11-20T15:11:50 CST" duration-ms="1316" status="PASS">
          <reporter-output>
          </reporter-output>
        </test-method> <!-- inputShortLabel01 -->
        <test-method is-config="true" signature="setUp()[pri:0, instance:Execution.formsWorkflow@1e1a0406]" started-at="2023-11-20T15:11:50 CST" name="setUp" finished-at="2023-11-20T15:11:50 CST" duration-ms="0" status="PASS">
          <reporter-output>
          </reporter-output>
        </test-method> <!-- setUp -->
        <test-method signature="selectSingleLineText01()[pri:168, instance:Execution.formsWorkflow@1e1a0406]" started-at="2023-11-20T15:11:50 CST" name="selectSingleLineText01" finished-at="2023-11-20T15:11:53 CST" duration-ms="2884" status="PASS">
          <reporter-output>
          </reporter-output>
        </test-method> <!-- selectSingleLineText01 -->
        <test-method is-config="true" signature="setUp()[pri:0, instance:Execution.formsWorkflow@1e1a0406]" started-at="2023-11-20T15:11:53 CST" name="setUp" finished-at="2023-11-20T15:11:53 CST" duration-ms="0" status="PASS">
          <reporter-output>
          </reporter-output>
        </test-method> <!-- setUp -->
        <test-method signature="selectQuestionCancel()[pri:170, instance:Execution.formsWorkflow@1e1a0406]" started-at="2023-11-20T15:11:53 CST" name="selectQuestionCancel" finished-at="2023-11-20T15:11:54 CST" duration-ms="1784" status="PASS">
          <reporter-output>
          </reporter-output>
        </test-method> <!-- selectQuestionCancel -->
        <test-method is-config="true" signature="setUp()[pri:0, instance:Execution.formsWorkflow@1e1a0406]" started-at="2023-11-20T15:11:54 CST" name="setUp" finished-at="2023-11-20T15:11:54 CST" duration-ms="0" status="PASS">
          <reporter-output>
          </reporter-output>
        </test-method> <!-- setUp -->
        <test-method signature="selectAddSectionHeading01R()[pri:172, instance:Execution.formsWorkflow@1e1a0406]" started-at="2023-11-20T15:11:54 CST" name="selectAddSectionHeading01R" finished-at="2023-11-20T15:11:56 CST" duration-ms="1775" status="PASS">
          <reporter-output>
          </reporter-output>
        </test-method> <!-- selectAddSectionHeading01R -->
        <test-method is-config="true" signature="setUp()[pri:0, instance:Execution.formsWorkflow@1e1a0406]" started-at="2023-11-20T15:11:56 CST" name="setUp" finished-at="2023-11-20T15:11:56 CST" duration-ms="0" status="PASS">
          <reporter-output>
          </reporter-output>
        </test-method> <!-- setUp -->
        <test-method signature="inputFieldName01R()[pri:174, instance:Execution.formsWorkflow@1e1a0406]" started-at="2023-11-20T15:11:56 CST" name="inputFieldName01R" finished-at="2023-11-20T15:11:59 CST" duration-ms="2875" status="PASS">
          <reporter-output>
          </reporter-output>
        </test-method> <!-- inputFieldName01R -->
        <test-method is-config="true" signature="setUp()[pri:0, instance:Execution.formsWorkflow@1e1a0406]" started-at="2023-11-20T15:11:59 CST" name="setUp" finished-at="2023-11-20T15:11:59 CST" duration-ms="0" status="PASS">
          <reporter-output>
          </reporter-output>
        </test-method> <!-- setUp -->
        <test-method signature="inputShortLabel01R()[pri:176, instance:Execution.formsWorkflow@1e1a0406]" started-at="2023-11-20T15:11:59 CST" name="inputShortLabel01R" finished-at="2023-11-20T15:12:00 CST" duration-ms="1324" status="PASS">
          <reporter-output>
          </reporter-output>
        </test-method> <!-- inputShortLabel01R -->
        <test-method is-config="true" signature="setUp()[pri:0, instance:Execution.formsWorkflow@1e1a0406]" started-at="2023-11-20T15:12:00 CST" name="setUp" finished-at="2023-11-20T15:12:00 CST" duration-ms="0" status="PASS">
          <reporter-output>
          </reporter-output>
        </test-method> <!-- setUp -->
        <test-method signature="selectSingleLineText01R()[pri:178, instance:Execution.formsWorkflow@1e1a0406]" started-at="2023-11-20T15:12:00 CST" name="selectSingleLineText01R" finished-at="2023-11-20T15:12:03 CST" duration-ms="2834" status="PASS">
          <reporter-output>
          </reporter-output>
        </test-method> <!-- selectSingleLineText01R -->
        <test-method is-config="true" signature="setUp()[pri:0, instance:Execution.formsWorkflow@1e1a0406]" started-at="2023-11-20T15:12:03 CST" name="setUp" finished-at="2023-11-20T15:12:03 CST" duration-ms="0" status="PASS">
          <reporter-output>
          </reporter-output>
        </test-method> <!-- setUp -->
        <test-method signature="inputDefaultAnswer01()[pri:180, instance:Execution.formsWorkflow@1e1a0406]" started-at="2023-11-20T15:12:03 CST" name="inputDefaultAnswer01" finished-at="2023-11-20T15:12:07 CST" duration-ms="3213" status="PASS">
          <reporter-output>
          </reporter-output>
        </test-method> <!-- inputDefaultAnswer01 -->
        <test-method is-config="true" signature="setUp()[pri:0, instance:Execution.formsWorkflow@1e1a0406]" started-at="2023-11-20T15:12:07 CST" name="setUp" finished-at="2023-11-20T15:12:07 CST" duration-ms="0" status="PASS">
          <reporter-output>
          </reporter-output>
        </test-method> <!-- setUp -->
        <test-method signature="selectFieldRequired01()[pri:182, instance:Execution.formsWorkflow@1e1a0406]" started-at="2023-11-20T15:12:07 CST" name="selectFieldRequired01" finished-at="2023-11-20T15:12:08 CST" duration-ms="1793" status="PASS">
          <reporter-output>
          </reporter-output>
        </test-method> <!-- selectFieldRequired01 -->
        <test-method signature="selectFieldSensitiveData01()[pri:184, instance:Execution.formsWorkflow@1e1a0406]" started-at="2023-11-20T15:12:08 CST" name="selectFieldSensitiveData01" finished-at="2023-11-20T15:12:09 CST" duration-ms="1160" status="PASS">
          <reporter-output>
          </reporter-output>
        </test-method> <!-- selectFieldSensitiveData01 -->
        <test-method is-config="true" signature="setUp()[pri:0, instance:Execution.formsWorkflow@1e1a0406]" started-at="2023-11-20T15:12:08 CST" name="setUp" finished-at="2023-11-20T15:12:08 CST" duration-ms="0" status="PASS">
          <reporter-output>
          </reporter-output>
        </test-method> <!-- setUp -->
        <test-method is-config="true" signature="setUp()[pri:0, instance:Execution.formsWorkflow@1e1a0406]" started-at="2023-11-20T15:12:09 CST" name="setUp" finished-at="2023-11-20T15:12:09 CST" duration-ms="0" status="PASS">
          <reporter-output>
          </reporter-output>
        </test-method> <!-- setUp -->
        <test-method signature="selectSortValue01()[pri:186, instance:Execution.formsWorkflow@1e1a0406]" started-at="2023-11-20T15:12:09 CST" name="selectSortValue01" finished-at="2023-11-20T15:12:11 CST" duration-ms="1819" status="PASS">
          <reporter-output>
          </reporter-output>
        </test-method> <!-- selectSortValue01 -->
        <test-method is-config="true" signature="setUp()[pri:0, instance:Execution.formsWorkflow@1e1a0406]" started-at="2023-11-20T15:12:11 CST" name="setUp" finished-at="2023-11-20T15:12:11 CST" duration-ms="1" status="PASS">
          <reporter-output>
          </reporter-output>
        </test-method> <!-- setUp -->
        <test-method signature="selectQuestionSave01()[pri:188, instance:Execution.formsWorkflow@1e1a0406]" started-at="2023-11-20T15:12:11 CST" name="selectQuestionSave01" finished-at="2023-11-20T15:12:13 CST" duration-ms="1773" status="PASS">
          <reporter-output>
          </reporter-output>
        </test-method> <!-- selectQuestionSave01 -->
        <test-method is-config="true" signature="setUp()[pri:0, instance:Execution.formsWorkflow@1e1a0406]" started-at="2023-11-20T15:12:13 CST" name="setUp" finished-at="2023-11-20T15:12:13 CST" duration-ms="1" status="PASS">
          <reporter-output>
          </reporter-output>
        </test-method> <!-- setUp -->
        <test-method signature="selectEditFieldIcon()[pri:190, instance:Execution.formsWorkflow@1e1a0406]" started-at="2023-11-20T15:12:13 CST" name="selectEditFieldIcon" finished-at="2023-11-20T15:12:15 CST" duration-ms="1946" status="PASS">
          <reporter-output>
          </reporter-output>
        </test-method> <!-- selectEditFieldIcon -->
        <test-method is-config="true" signature="setUp()[pri:0, instance:Execution.formsWorkflow@1e1a0406]" started-at="2023-11-20T15:12:15 CST" name="setUp" finished-at="2023-11-20T15:12:15 CST" duration-ms="0" status="PASS">
          <reporter-output>
          </reporter-output>
        </test-method> <!-- setUp -->
        <test-method signature="editDefaultAnswer01()[pri:192, instance:Execution.formsWorkflow@1e1a0406]" started-at="2023-11-20T15:12:15 CST" name="editDefaultAnswer01" finished-at="2023-11-20T15:12:18 CST" duration-ms="3019" status="PASS">
          <reporter-output>
          </reporter-output>
        </test-method> <!-- editDefaultAnswer01 -->
        <test-method is-config="true" signature="setUp()[pri:0, instance:Execution.formsWorkflow@1e1a0406]" started-at="2023-11-20T15:12:18 CST" name="setUp" finished-at="2023-11-20T15:12:18 CST" duration-ms="0" status="PASS">
          <reporter-output>
          </reporter-output>
        </test-method> <!-- setUp -->
        <test-method signature="selectAdvancedOptions01()[pri:194, instance:Execution.formsWorkflow@1e1a0406]" started-at="2023-11-20T15:12:18 CST" name="selectAdvancedOptions01" finished-at="2023-11-20T15:12:20 CST" duration-ms="1831" status="PASS">
          <reporter-output>
          </reporter-output>
        </test-method> <!-- selectAdvancedOptions01 -->
        <test-method is-config="true" signature="setUp()[pri:0, instance:Execution.formsWorkflow@1e1a0406]" started-at="2023-11-20T15:12:20 CST" name="setUp" finished-at="2023-11-20T15:12:20 CST" duration-ms="1" status="PASS">
          <reporter-output>
          </reporter-output>
        </test-method> <!-- setUp -->
        <test-method signature="selectSaveCode01a()[pri:198, instance:Execution.formsWorkflow@1e1a0406]" started-at="2023-11-20T15:12:20 CST" name="selectSaveCode01a" finished-at="2023-11-20T15:12:21 CST" duration-ms="1232" status="PASS">
          <reporter-output>
          </reporter-output>
        </test-method> <!-- selectSaveCode01a -->
        <test-method is-config="true" signature="setUp()[pri:0, instance:Execution.formsWorkflow@1e1a0406]" started-at="2023-11-20T15:12:21 CST" name="setUp" finished-at="2023-11-20T15:12:21 CST" duration-ms="1" status="PASS">
          <reporter-output>
          </reporter-output>
        </test-method> <!-- setUp -->
        <test-method signature="selectSaveCode01b()[pri:202, instance:Execution.formsWorkflow@1e1a0406]" started-at="2023-11-20T15:12:21 CST" name="selectSaveCode01b" finished-at="2023-11-20T15:12:22 CST" duration-ms="1257" status="PASS">
          <reporter-output>
          </reporter-output>
        </test-method> <!-- selectSaveCode01b -->
        <test-method is-config="true" signature="setUp()[pri:0, instance:Execution.formsWorkflow@1e1a0406]" started-at="2023-11-20T15:12:22 CST" name="setUp" finished-at="2023-11-20T15:12:22 CST" duration-ms="0" status="PASS">
          <reporter-output>
          </reporter-output>
        </test-method> <!-- setUp -->
        <test-method signature="selectSaveQuestion01()[pri:204, instance:Execution.formsWorkflow@1e1a0406]" started-at="2023-11-20T15:12:22 CST" name="selectSaveQuestion01" finished-at="2023-11-20T15:12:24 CST" duration-ms="1780" status="PASS">
          <reporter-output>
          </reporter-output>
        </test-method> <!-- selectSaveQuestion01 -->
        <test-method is-config="true" signature="setUp()[pri:0, instance:Execution.formsWorkflow@1e1a0406]" started-at="2023-11-20T15:12:24 CST" name="setUp" finished-at="2023-11-20T15:12:24 CST" duration-ms="1" status="PASS">
          <reporter-output>
          </reporter-output>
        </test-method> <!-- setUp -->
        <test-method signature="selectEditFieldIcon02()[pri:206, instance:Execution.formsWorkflow@1e1a0406]" started-at="2023-11-20T15:12:24 CST" name="selectEditFieldIcon02" finished-at="2023-11-20T15:12:26 CST" duration-ms="1906" status="PASS">
          <reporter-output>
          </reporter-output>
        </test-method> <!-- selectEditFieldIcon02 -->
        <test-method is-config="true" signature="setUp()[pri:0, instance:Execution.formsWorkflow@1e1a0406]" started-at="2023-11-20T15:12:26 CST" name="setUp" finished-at="2023-11-20T15:12:26 CST" duration-ms="0" status="PASS">
          <reporter-output>
          </reporter-output>
        </test-method> <!-- setUp -->
        <test-method signature="selectAdvancedFormatting()[pri:208, instance:Execution.formsWorkflow@1e1a0406]" started-at="2023-11-20T15:12:26 CST" name="selectAdvancedFormatting" finished-at="2023-11-20T15:12:28 CST" duration-ms="2034" status="PASS">
          <reporter-output>
          </reporter-output>
        </test-method> <!-- selectAdvancedFormatting -->
        <test-method signature="selectTextToFormat()[pri:210, instance:Execution.formsWorkflow@1e1a0406]" started-at="2023-11-20T15:12:28 CST" name="selectTextToFormat" finished-at="2023-11-20T15:12:31 CST" duration-ms="3040" status="PASS">
          <reporter-output>
          </reporter-output>
        </test-method> <!-- selectTextToFormat -->
        <test-method is-config="true" signature="setUp()[pri:0, instance:Execution.formsWorkflow@1e1a0406]" started-at="2023-11-20T15:12:28 CST" name="setUp" finished-at="2023-11-20T15:12:28 CST" duration-ms="0" status="PASS">
          <reporter-output>
          </reporter-output>
        </test-method> <!-- setUp -->
        <test-method is-config="true" signature="setUp()[pri:0, instance:Execution.formsWorkflow@1e1a0406]" started-at="2023-11-20T15:12:31 CST" name="setUp" finished-at="2023-11-20T15:12:31 CST" duration-ms="1" status="PASS">
          <reporter-output>
          </reporter-output>
        </test-method> <!-- setUp -->
        <test-method signature="formatTextBold()[pri:212, instance:Execution.formsWorkflow@1e1a0406]" started-at="2023-11-20T15:12:31 CST" name="formatTextBold" finished-at="2023-11-20T15:12:32 CST" duration-ms="1263" status="PASS">
          <reporter-output>
          </reporter-output>
        </test-method> <!-- formatTextBold -->
        <test-method signature="selectSaveQuestion02()[pri:214, instance:Execution.formsWorkflow@1e1a0406]" started-at="2023-11-20T15:12:32 CST" name="selectSaveQuestion02" finished-at="2023-11-20T15:12:34 CST" duration-ms="1889" status="PASS">
          <reporter-output>
          </reporter-output>
        </test-method> <!-- selectSaveQuestion02 -->
        <test-method is-config="true" signature="setUp()[pri:0, instance:Execution.formsWorkflow@1e1a0406]" started-at="2023-11-20T15:12:32 CST" name="setUp" finished-at="2023-11-20T15:12:32 CST" duration-ms="0" status="PASS">
          <reporter-output>
          </reporter-output>
        </test-method> <!-- setUp -->
        <test-method is-config="true" signature="setUp()[pri:0, instance:Execution.formsWorkflow@1e1a0406]" started-at="2023-11-20T15:12:34 CST" name="setUp" finished-at="2023-11-20T15:12:34 CST" duration-ms="1" status="PASS">
          <reporter-output>
          </reporter-output>
        </test-method> <!-- setUp -->
        <test-method signature="selectEditFieldIcon03()[pri:216, instance:Execution.formsWorkflow@1e1a0406]" started-at="2023-11-20T15:12:34 CST" name="selectEditFieldIcon03" finished-at="2023-11-20T15:12:36 CST" duration-ms="1902" status="PASS">
          <reporter-output>
          </reporter-output>
        </test-method> <!-- selectEditFieldIcon03 -->
        <test-method is-config="true" signature="setUp()[pri:0, instance:Execution.formsWorkflow@1e1a0406]" started-at="2023-11-20T15:12:36 CST" name="setUp" finished-at="2023-11-20T15:12:36 CST" duration-ms="0" status="PASS">
          <reporter-output>
          </reporter-output>
        </test-method> <!-- setUp -->
        <test-method signature="showFormatedCode()[pri:218, instance:Execution.formsWorkflow@1e1a0406]" started-at="2023-11-20T15:12:36 CST" name="showFormatedCode" finished-at="2023-11-20T15:12:38 CST" duration-ms="1903" status="PASS">
          <reporter-output>
          </reporter-output>
        </test-method> <!-- showFormatedCode -->
        <test-method is-config="true" signature="setUp()[pri:0, instance:Execution.formsWorkflow@1e1a0406]" started-at="2023-11-20T15:12:38 CST" name="setUp" finished-at="2023-11-20T15:12:38 CST" duration-ms="0" status="PASS">
          <reporter-output>
          </reporter-output>
        </test-method> <!-- setUp -->
        <test-method signature="validateFormatBold()[pri:230, instance:Execution.formsWorkflow@1e1a0406]" started-at="2023-11-20T15:12:38 CST" name="validateFormatBold" finished-at="2023-11-20T15:12:40 CST" duration-ms="1873" status="PASS">
          <reporter-output>
          </reporter-output>
        </test-method> <!-- validateFormatBold -->
        <test-method signature="selectSave03()[pri:232, instance:Execution.formsWorkflow@1e1a0406]" started-at="2023-11-20T15:12:40 CST" name="selectSave03" finished-at="2023-11-20T15:12:42 CST" duration-ms="1794" status="PASS">
          <reporter-output>
          </reporter-output>
        </test-method> <!-- selectSave03 -->
        <test-method is-config="true" signature="setUp()[pri:0, instance:Execution.formsWorkflow@1e1a0406]" started-at="2023-11-20T15:12:40 CST" name="setUp" finished-at="2023-11-20T15:12:40 CST" duration-ms="0" status="PASS">
          <reporter-output>
          </reporter-output>
        </test-method> <!-- setUp -->
        <test-method signature="selectEditFieldIcon04()[pri:234, instance:Execution.formsWorkflow@1e1a0406]" started-at="2023-11-20T15:12:42 CST" name="selectEditFieldIcon04" finished-at="2023-11-20T15:12:44 CST" duration-ms="2250" status="PASS">
          <reporter-output>
          </reporter-output>
        </test-method> <!-- selectEditFieldIcon04 -->
        <test-method is-config="true" signature="setUp()[pri:0, instance:Execution.formsWorkflow@1e1a0406]" started-at="2023-11-20T15:12:42 CST" name="setUp" finished-at="2023-11-20T15:12:42 CST" duration-ms="0" status="PASS">
          <reporter-output>
          </reporter-output>
        </test-method> <!-- setUp -->
        <test-method is-config="true" signature="setUp()[pri:0, instance:Execution.formsWorkflow@1e1a0406]" started-at="2023-11-20T15:12:44 CST" name="setUp" finished-at="2023-11-20T15:12:44 CST" duration-ms="0" status="PASS">
          <reporter-output>
          </reporter-output>
        </test-method> <!-- setUp -->
        <test-method signature="selectTextToFormat01()[pri:236, instance:Execution.formsWorkflow@1e1a0406]" started-at="2023-11-20T15:12:44 CST" name="selectTextToFormat01" finished-at="2023-11-20T15:12:47 CST" duration-ms="3063" status="PASS">
          <reporter-output>
          </reporter-output>
        </test-method> <!-- selectTextToFormat01 -->
        <test-method signature="formatTextItalics()[pri:238, instance:Execution.formsWorkflow@1e1a0406]" started-at="2023-11-20T15:12:47 CST" name="formatTextItalics" finished-at="2023-11-20T15:12:48 CST" duration-ms="771" status="PASS">
          <reporter-output>
          </reporter-output>
        </test-method> <!-- formatTextItalics -->
        <test-method is-config="true" signature="setUp()[pri:0, instance:Execution.formsWorkflow@1e1a0406]" started-at="2023-11-20T15:12:47 CST" name="setUp" finished-at="2023-11-20T15:12:47 CST" duration-ms="0" status="PASS">
          <reporter-output>
          </reporter-output>
        </test-method> <!-- setUp -->
        <test-method signature="selectSave04()[pri:240, instance:Execution.formsWorkflow@1e1a0406]" started-at="2023-11-20T15:12:48 CST" name="selectSave04" finished-at="2023-11-20T15:12:50 CST" duration-ms="1795" status="PASS">
          <reporter-output>
          </reporter-output>
        </test-method> <!-- selectSave04 -->
        <test-method is-config="true" signature="setUp()[pri:0, instance:Execution.formsWorkflow@1e1a0406]" started-at="2023-11-20T15:12:48 CST" name="setUp" finished-at="2023-11-20T15:12:48 CST" duration-ms="0" status="PASS">
          <reporter-output>
          </reporter-output>
        </test-method> <!-- setUp -->
        <test-method is-config="true" signature="setUp()[pri:0, instance:Execution.formsWorkflow@1e1a0406]" started-at="2023-11-20T15:12:50 CST" name="setUp" finished-at="2023-11-20T15:12:50 CST" duration-ms="0" status="PASS">
          <reporter-output>
          </reporter-output>
        </test-method> <!-- setUp -->
        <test-method signature="selectEditFieldIcon05()[pri:242, instance:Execution.formsWorkflow@1e1a0406]" started-at="2023-11-20T15:12:50 CST" name="selectEditFieldIcon05" finished-at="2023-11-20T15:12:52 CST" duration-ms="1894" status="PASS">
          <reporter-output>
          </reporter-output>
        </test-method> <!-- selectEditFieldIcon05 -->
        <test-method signature="showFormatedCode03()[pri:244, instance:Execution.formsWorkflow@1e1a0406]" started-at="2023-11-20T15:12:52 CST" name="showFormatedCode03" finished-at="2023-11-20T15:12:53 CST" duration-ms="1874" status="PASS">
          <reporter-output>
          </reporter-output>
        </test-method> <!-- showFormatedCode03 -->
        <test-method is-config="true" signature="setUp()[pri:0, instance:Execution.formsWorkflow@1e1a0406]" started-at="2023-11-20T15:12:52 CST" name="setUp" finished-at="2023-11-20T15:12:52 CST" duration-ms="0" status="PASS">
          <reporter-output>
          </reporter-output>
        </test-method> <!-- setUp -->
        <test-method signature="validateFormatItalics()[pri:246, instance:Execution.formsWorkflow@1e1a0406]" started-at="2023-11-20T15:12:53 CST" name="validateFormatItalics" finished-at="2023-11-20T15:12:55 CST" duration-ms="1819" status="PASS">
          <reporter-output>
          </reporter-output>
        </test-method> <!-- validateFormatItalics -->
        <test-method is-config="true" signature="setUp()[pri:0, instance:Execution.formsWorkflow@1e1a0406]" started-at="2023-11-20T15:12:53 CST" name="setUp" finished-at="2023-11-20T15:12:53 CST" duration-ms="0" status="PASS">
          <reporter-output>
          </reporter-output>
        </test-method> <!-- setUp -->
        <test-method is-config="true" signature="setUp()[pri:0, instance:Execution.formsWorkflow@1e1a0406]" started-at="2023-11-20T15:12:55 CST" name="setUp" finished-at="2023-11-20T15:12:55 CST" duration-ms="0" status="PASS">
          <reporter-output>
          </reporter-output>
        </test-method> <!-- setUp -->
        <test-method signature="selectSave05()[pri:248, instance:Execution.formsWorkflow@1e1a0406]" started-at="2023-11-20T15:12:55 CST" name="selectSave05" finished-at="2023-11-20T15:12:57 CST" duration-ms="1799" status="PASS">
          <reporter-output>
          </reporter-output>
        </test-method> <!-- selectSave05 -->
        <test-method signature="addSubQuestion01S01()[pri:250, instance:Execution.formsWorkflow@1e1a0406]" started-at="2023-11-20T15:12:57 CST" name="addSubQuestion01S01" finished-at="2023-11-20T15:12:59 CST" duration-ms="1813" status="PASS">
          <reporter-output>
          </reporter-output>
        </test-method> <!-- addSubQuestion01S01 -->
        <test-method is-config="true" signature="setUp()[pri:0, instance:Execution.formsWorkflow@1e1a0406]" started-at="2023-11-20T15:12:57 CST" name="setUp" finished-at="2023-11-20T15:12:57 CST" duration-ms="0" status="PASS">
          <reporter-output>
          </reporter-output>
        </test-method> <!-- setUp -->
        <test-method signature="inputFieldName01S01()[pri:252, instance:Execution.formsWorkflow@1e1a0406]" started-at="2023-11-20T15:12:59 CST" name="inputFieldName01S01" finished-at="2023-11-20T15:13:03 CST" duration-ms="4083" status="PASS">
          <reporter-output>
          </reporter-output>
        </test-method> <!-- inputFieldName01S01 -->
        <test-method is-config="true" signature="setUp()[pri:0, instance:Execution.formsWorkflow@1e1a0406]" started-at="2023-11-20T15:12:59 CST" name="setUp" finished-at="2023-11-20T15:12:59 CST" duration-ms="0" status="PASS">
          <reporter-output>
          </reporter-output>
        </test-method> <!-- setUp -->
        <test-method is-config="true" signature="setUp()[pri:0, instance:Execution.formsWorkflow@1e1a0406]" started-at="2023-11-20T15:13:03 CST" name="setUp" finished-at="2023-11-20T15:13:03 CST" duration-ms="1" status="PASS">
          <reporter-output>
          </reporter-output>
        </test-method> <!-- setUp -->
        <test-method signature="inputShortLabel01S01()[pri:254, instance:Execution.formsWorkflow@1e1a0406]" started-at="2023-11-20T15:13:03 CST" name="inputShortLabel01S01" finished-at="2023-11-20T15:13:05 CST" duration-ms="1559" status="PASS">
          <reporter-output>
          </reporter-output>
        </test-method> <!-- inputShortLabel01S01 -->
        <test-method is-config="true" signature="setUp()[pri:0, instance:Execution.formsWorkflow@1e1a0406]" started-at="2023-11-20T15:13:05 CST" name="setUp" finished-at="2023-11-20T15:13:05 CST" duration-ms="1" status="PASS">
          <reporter-output>
          </reporter-output>
        </test-method> <!-- setUp -->
        <test-method signature="selectMultiLineText01S01()[pri:256, instance:Execution.formsWorkflow@1e1a0406]" started-at="2023-11-20T15:13:05 CST" name="selectMultiLineText01S01" finished-at="2023-11-20T15:13:08 CST" duration-ms="3005" status="PASS">
          <reporter-output>
          </reporter-output>
        </test-method> <!-- selectMultiLineText01S01 -->
        <test-method signature="inputDefaultAnswer01S01()[pri:258, instance:Execution.formsWorkflow@1e1a0406]" started-at="2023-11-20T15:13:08 CST" name="inputDefaultAnswer01S01" finished-at="2023-11-20T15:13:11 CST" duration-ms="3266" status="PASS">
          <reporter-output>
          </reporter-output>
        </test-method> <!-- inputDefaultAnswer01S01 -->
        <test-method is-config="true" signature="setUp()[pri:0, instance:Execution.formsWorkflow@1e1a0406]" started-at="2023-11-20T15:13:08 CST" name="setUp" finished-at="2023-11-20T15:13:08 CST" duration-ms="0" status="PASS">
          <reporter-output>
          </reporter-output>
        </test-method> <!-- setUp -->
        <test-method is-config="true" signature="setUp()[pri:0, instance:Execution.formsWorkflow@1e1a0406]" started-at="2023-11-20T15:13:11 CST" name="setUp" finished-at="2023-11-20T15:13:11 CST" duration-ms="0" status="PASS">
          <reporter-output>
          </reporter-output>
        </test-method> <!-- setUp -->
        <test-method signature="selectFieldRequired01S01()[pri:260, instance:Execution.formsWorkflow@1e1a0406]" started-at="2023-11-20T15:13:11 CST" name="selectFieldRequired01S01" finished-at="2023-11-20T15:13:13 CST" duration-ms="1908" status="PASS">
          <reporter-output>
          </reporter-output>
        </test-method> <!-- selectFieldRequired01S01 -->
        <test-method is-config="true" signature="setUp()[pri:0, instance:Execution.formsWorkflow@1e1a0406]" started-at="2023-11-20T15:13:13 CST" name="setUp" finished-at="2023-11-20T15:13:13 CST" duration-ms="0" status="PASS">
          <reporter-output>
          </reporter-output>
        </test-method> <!-- setUp -->
        <test-method signature="selectFieldSensitiveData01S01()[pri:262, instance:Execution.formsWorkflow@1e1a0406]" started-at="2023-11-20T15:13:13 CST" name="selectFieldSensitiveData01S01" finished-at="2023-11-20T15:13:14 CST" duration-ms="1164" status="PASS">
          <reporter-output>
          </reporter-output>
        </test-method> <!-- selectFieldSensitiveData01S01 -->
        <test-method is-config="true" signature="setUp()[pri:0, instance:Execution.formsWorkflow@1e1a0406]" started-at="2023-11-20T15:13:14 CST" name="setUp" finished-at="2023-11-20T15:13:14 CST" duration-ms="0" status="PASS">
          <reporter-output>
          </reporter-output>
        </test-method> <!-- setUp -->
        <test-method signature="selectSortValue01S01()[pri:264, instance:Execution.formsWorkflow@1e1a0406]" started-at="2023-11-20T15:13:14 CST" name="selectSortValue01S01" finished-at="2023-11-20T15:13:16 CST" duration-ms="1891" status="PASS">
          <reporter-output>
          </reporter-output>
        </test-method> <!-- selectSortValue01S01 -->
        <test-method is-config="true" signature="setUp()[pri:0, instance:Execution.formsWorkflow@1e1a0406]" started-at="2023-11-20T15:13:16 CST" name="setUp" finished-at="2023-11-20T15:13:16 CST" duration-ms="1" status="PASS">
          <reporter-output>
          </reporter-output>
        </test-method> <!-- setUp -->
        <test-method signature="selectQuestionSave01S01()[pri:268, instance:Execution.formsWorkflow@1e1a0406]" started-at="2023-11-20T15:13:16 CST" name="selectQuestionSave01S01" finished-at="2023-11-20T15:13:18 CST" duration-ms="1866" status="PASS">
          <reporter-output>
          </reporter-output>
        </test-method> <!-- selectQuestionSave01S01 -->
        <test-method signature="addSubQuestion01S02()[pri:269, instance:Execution.formsWorkflow@1e1a0406]" started-at="2023-11-20T15:13:18 CST" name="addSubQuestion01S02" finished-at="2023-11-20T15:13:19 CST" duration-ms="1234" status="PASS">
          <reporter-output>
          </reporter-output>
        </test-method> <!-- addSubQuestion01S02 -->
        <test-method is-config="true" signature="setUp()[pri:0, instance:Execution.formsWorkflow@1e1a0406]" started-at="2023-11-20T15:13:18 CST" name="setUp" finished-at="2023-11-20T15:13:18 CST" duration-ms="0" status="PASS">
          <reporter-output>
          </reporter-output>
        </test-method> <!-- setUp -->
        <test-method signature="inputFieldName01S02()[pri:272, instance:Execution.formsWorkflow@1e1a0406]" started-at="2023-11-20T15:13:19 CST" name="inputFieldName01S02" finished-at="2023-11-20T15:13:22 CST" duration-ms="3147" status="PASS">
          <reporter-output>
          </reporter-output>
        </test-method> <!-- inputFieldName01S02 -->
        <test-method is-config="true" signature="setUp()[pri:0, instance:Execution.formsWorkflow@1e1a0406]" started-at="2023-11-20T15:13:19 CST" name="setUp" finished-at="2023-11-20T15:13:19 CST" duration-ms="0" status="PASS">
          <reporter-output>
          </reporter-output>
        </test-method> <!-- setUp -->
        <test-method signature="inputShortLabel01S02()[pri:274, instance:Execution.formsWorkflow@1e1a0406]" started-at="2023-11-20T15:13:22 CST" name="inputShortLabel01S02" finished-at="2023-11-20T15:13:24 CST" duration-ms="1542" status="PASS">
          <reporter-output>
          </reporter-output>
        </test-method> <!-- inputShortLabel01S02 -->
        <test-method is-config="true" signature="setUp()[pri:0, instance:Execution.formsWorkflow@1e1a0406]" started-at="2023-11-20T15:13:22 CST" name="setUp" finished-at="2023-11-20T15:13:22 CST" duration-ms="0" status="PASS">
          <reporter-output>
          </reporter-output>
        </test-method> <!-- setUp -->
        <test-method is-config="true" signature="setUp()[pri:0, instance:Execution.formsWorkflow@1e1a0406]" started-at="2023-11-20T15:13:24 CST" name="setUp" finished-at="2023-11-20T15:13:24 CST" duration-ms="1" status="PASS">
          <reporter-output>
          </reporter-output>
        </test-method> <!-- setUp -->
        <test-method signature="selectGrid01S02()[pri:276, instance:Execution.formsWorkflow@1e1a0406]" started-at="2023-11-20T15:13:24 CST" name="selectGrid01S02" finished-at="2023-11-20T15:13:26 CST" duration-ms="2873" status="PASS">
          <reporter-output>
          </reporter-output>
        </test-method> <!-- selectGrid01S02 -->
        <test-method signature="inputColumnTitle01()[pri:278, instance:Execution.formsWorkflow@1e1a0406]" started-at="2023-11-20T15:13:26 CST" name="inputColumnTitle01" finished-at="2023-11-20T15:13:28 CST" duration-ms="1695" status="PASS">
          <reporter-output>
          </reporter-output>
        </test-method> <!-- inputColumnTitle01 -->
        <test-method is-config="true" signature="setUp()[pri:0, instance:Execution.formsWorkflow@1e1a0406]" started-at="2023-11-20T15:13:26 CST" name="setUp" finished-at="2023-11-20T15:13:26 CST" duration-ms="0" status="PASS">
          <reporter-output>
          </reporter-output>
        </test-method> <!-- setUp -->
        <test-method is-config="true" signature="setUp()[pri:0, instance:Execution.formsWorkflow@1e1a0406]" started-at="2023-11-20T15:13:28 CST" name="setUp" finished-at="2023-11-20T15:13:28 CST" duration-ms="1" status="PASS">
          <reporter-output>
          </reporter-output>
        </test-method> <!-- setUp -->
        <test-method signature="selectColumnType01()[pri:280, instance:Execution.formsWorkflow@1e1a0406]" started-at="2023-11-20T15:13:28 CST" name="selectColumnType01" finished-at="2023-11-20T15:13:31 CST" duration-ms="3032" status="PASS">
          <reporter-output>
          </reporter-output>
        </test-method> <!-- selectColumnType01 -->
        <test-method signature="inputDefaultAnswer01S02()[pri:282, instance:Execution.formsWorkflow@1e1a0406]" started-at="2023-11-20T15:13:31 CST" name="inputDefaultAnswer01S02" finished-at="2023-11-20T15:13:34 CST" duration-ms="3345" status="PASS">
          <reporter-output>
          </reporter-output>
        </test-method> <!-- inputDefaultAnswer01S02 -->
        <test-method is-config="true" signature="setUp()[pri:0, instance:Execution.formsWorkflow@1e1a0406]" started-at="2023-11-20T15:13:31 CST" name="setUp" finished-at="2023-11-20T15:13:31 CST" duration-ms="0" status="PASS">
          <reporter-output>
          </reporter-output>
        </test-method> <!-- setUp -->
        <test-method signature="selectFieldRequired01S02()[pri:284, instance:Execution.formsWorkflow@1e1a0406]" started-at="2023-11-20T15:13:34 CST" name="selectFieldRequired01S02" finished-at="2023-11-20T15:13:36 CST" duration-ms="1972" status="PASS">
          <reporter-output>
          </reporter-output>
        </test-method> <!-- selectFieldRequired01S02 -->
        <test-method is-config="true" signature="setUp()[pri:0, instance:Execution.formsWorkflow@1e1a0406]" started-at="2023-11-20T15:13:34 CST" name="setUp" finished-at="2023-11-20T15:13:34 CST" duration-ms="0" status="PASS">
          <reporter-output>
          </reporter-output>
        </test-method> <!-- setUp -->
        <test-method signature="selectFieldSensitiveData01S02()[pri:286, instance:Execution.formsWorkflow@1e1a0406]" started-at="2023-11-20T15:13:36 CST" name="selectFieldSensitiveData01S02" finished-at="2023-11-20T15:13:38 CST" duration-ms="1175" status="PASS">
          <reporter-output>
          </reporter-output>
        </test-method> <!-- selectFieldSensitiveData01S02 -->
[...]
          <reporter-output>
          </reporter-output>
        </test-method> <!-- setUp -->
        <test-method is-config="true" signature="setUp()[pri:0, instance:Execution.formsWorkflowPart3@428640fa]" started-at="2023-11-20T15:17:44 CST" name="setUp" finished-at="2023-11-20T15:17:44 CST" duration-ms="0" status="PASS">
          <reporter-output>
          </reporter-output>
        </test-method> <!-- setUp -->
        <test-method signature="selectStapleForm02()[pri:470, instance:Execution.formsWorkflowPart3@428640fa]" started-at="2023-11-20T15:17:44 CST" name="selectStapleForm02" finished-at="2023-11-20T15:17:46 CST" duration-ms="1667" status="PASS">
          <reporter-output>
          </reporter-output>
        </test-method> <!-- selectStapleForm02 -->
        <test-method is-config="true" signature="setUp()[pri:0, instance:Execution.formsWorkflowPart3@428640fa]" started-at="2023-11-20T15:17:46 CST" name="setUp" finished-at="2023-11-20T15:17:46 CST" duration-ms="0" status="PASS">
          <reporter-output>
          </reporter-output>
        </test-method> <!-- setUp -->
        <test-method signature="removeStapledForm()[pri:475, instance:Execution.formsWorkflowPart3@428640fa]" started-at="2023-11-20T15:17:46 CST" name="removeStapledForm" finished-at="2023-11-20T15:17:48 CST" duration-ms="1719" status="PASS">
          <reporter-output>
          </reporter-output>
        </test-method> <!-- removeStapledForm -->
        <test-method signature="closeStapledFormDialogue()[pri:480, instance:Execution.formsWorkflowPart3@428640fa]" started-at="2023-11-20T15:17:48 CST" name="closeStapledFormDialogue" finished-at="2023-11-20T15:17:49 CST" duration-ms="1652" status="PASS">
          <reporter-output>
          </reporter-output>
        </test-method> <!-- closeStapledFormDialogue -->
        <test-method is-config="true" signature="setUp()[pri:0, instance:Execution.formsWorkflowPart3@428640fa]" started-at="2023-11-20T15:17:48 CST" name="setUp" finished-at="2023-11-20T15:17:48 CST" duration-ms="0" status="PASS">
          <reporter-output>
          </reporter-output>
        </test-method> <!-- setUp -->
        <test-method signature="addInternalUseForm()[pri:485, instance:Execution.formsWorkflowPart3@428640fa]" started-at="2023-11-20T15:17:49 CST" name="addInternalUseForm" finished-at="2023-11-20T15:17:51 CST" duration-ms="1721" status="PASS">
          <reporter-output>
          </reporter-output>
        </test-method> <!-- addInternalUseForm -->
        <test-method is-config="true" signature="setUp()[pri:0, instance:Execution.formsWorkflowPart3@428640fa]" started-at="2023-11-20T15:17:49 CST" name="setUp" finished-at="2023-11-20T15:17:49 CST" duration-ms="0" status="PASS">
          <reporter-output>
          </reporter-output>
        </test-method> <!-- setUp -->
        <test-method signature="inputFormLabel()[pri:490, instance:Execution.formsWorkflowPart3@428640fa]" started-at="2023-11-20T15:17:51 CST" name="inputFormLabel" finished-at="2023-11-20T15:17:53 CST" duration-ms="2218" status="PASS">
          <reporter-output>
          </reporter-output>
        </test-method> <!-- inputFormLabel -->
        <test-method is-config="true" signature="setUp()[pri:0, instance:Execution.formsWorkflowPart3@428640fa]" started-at="2023-11-20T15:17:51 CST" name="setUp" finished-at="2023-11-20T15:17:51 CST" duration-ms="0" status="PASS">
          <reporter-output>
          </reporter-output>
        </test-method> <!-- setUp -->
        <test-method is-config="true" signature="setUp()[pri:0, instance:Execution.formsWorkflowPart3@428640fa]" started-at="2023-11-20T15:17:53 CST" name="setUp" finished-at="2023-11-20T15:17:53 CST" duration-ms="0" status="PASS">
          <reporter-output>
          </reporter-output>
        </test-method> <!-- setUp -->
        <test-method signature="inputFormDesc()[pri:495, instance:Execution.formsWorkflowPart3@428640fa]" started-at="2023-11-20T15:17:53 CST" name="inputFormDesc" finished-at="2023-11-20T15:17:56 CST" duration-ms="3069" status="PASS">
          <reporter-output>
          </reporter-output>
        </test-method> <!-- inputFormDesc -->
        <test-method is-config="true" signature="setUp()[pri:0, instance:Execution.formsWorkflowPart3@428640fa]" started-at="2023-11-20T15:17:56 CST" name="setUp" finished-at="2023-11-20T15:17:56 CST" duration-ms="0" status="PASS">
          <reporter-output>
          </reporter-output>
        </test-method> <!-- setUp -->
        <test-method signature="cancelInternalUseForm()[pri:500, instance:Execution.formsWorkflowPart3@428640fa]" started-at="2023-11-20T15:17:56 CST" name="cancelInternalUseForm" finished-at="2023-11-20T15:17:58 CST" duration-ms="1689" status="PASS">
          <reporter-output>
          </reporter-output>
        </test-method> <!-- cancelInternalUseForm -->
        <test-method is-config="true" signature="setUp()[pri:0, instance:Execution.formsWorkflowPart3@428640fa]" started-at="2023-11-20T15:17:58 CST" name="setUp" finished-at="2023-11-20T15:17:58 CST" duration-ms="0" status="PASS">
          <reporter-output>
          </reporter-output>
        </test-method> <!-- setUp -->
        <test-method signature="addInternalUseForm02()[pri:505, instance:Execution.formsWorkflowPart3@428640fa]" started-at="2023-11-20T15:17:58 CST" name="addInternalUseForm02" finished-at="2023-11-20T15:18:00 CST" duration-ms="1654" status="PASS">
          <reporter-output>
          </reporter-output>
        </test-method> <!-- addInternalUseForm02 -->
        <test-method signature="inputFormLabel02()[pri:510, instance:Execution.formsWorkflowPart3@428640fa]" started-at="2023-11-20T15:18:00 CST" name="inputFormLabel02" finished-at="2023-11-20T15:18:02 CST" duration-ms="2365" status="PASS">
          <reporter-output>
          </reporter-output>
        </test-method> <!-- inputFormLabel02 -->
        <test-method is-config="true" signature="setUp()[pri:0, instance:Execution.formsWorkflowPart3@428640fa]" started-at="2023-11-20T15:18:00 CST" name="setUp" finished-at="2023-11-20T15:18:00 CST" duration-ms="0" status="PASS">
          <reporter-output>
          </reporter-output>
        </test-method> <!-- setUp -->
        <test-method is-config="true" signature="setUp()[pri:0, instance:Execution.formsWorkflowPart3@428640fa]" started-at="2023-11-20T15:18:02 CST" name="setUp" finished-at="2023-11-20T15:18:02 CST" duration-ms="0" status="PASS">
          <reporter-output>
          </reporter-output>
        </test-method> <!-- setUp -->
        <test-method signature="inputFormDesc02()[pri:515, instance:Execution.formsWorkflowPart3@428640fa]" started-at="2023-11-20T15:18:02 CST" name="inputFormDesc02" finished-at="2023-11-20T15:18:05 CST" duration-ms="3197" status="PASS">
          <reporter-output>
          </reporter-output>
        </test-method> <!-- inputFormDesc02 -->
        <test-method signature="saveInternalUseForm()[pri:520, instance:Execution.formsWorkflowPart3@428640fa]" started-at="2023-11-20T15:18:05 CST" name="saveInternalUseForm" finished-at="2023-11-20T15:18:07 CST" duration-ms="1675" status="PASS">
          <reporter-output>
          </reporter-output>
        </test-method> <!-- saveInternalUseForm -->
        <test-method is-config="true" signature="setUp()[pri:0, instance:Execution.formsWorkflowPart3@428640fa]" started-at="2023-11-20T15:18:05 CST" name="setUp" finished-at="2023-11-20T15:18:05 CST" duration-ms="0" status="PASS">
          <reporter-output>
          </reporter-output>
        </test-method> <!-- setUp -->
        <test-method signature="selectViewAllForms02()[pri:525, instance:Execution.formsWorkflowPart3@428640fa]" started-at="2023-11-20T15:18:07 CST" name="selectViewAllForms02" finished-at="2023-11-20T15:18:09 CST" duration-ms="2260" status="PASS">
          <reporter-output>
          </reporter-output>
        </test-method> <!-- selectViewAllForms02 -->
        <test-method is-config="true" signature="setUp()[pri:0, instance:Execution.formsWorkflowPart3@428640fa]" started-at="2023-11-20T15:18:07 CST" name="setUp" finished-at="2023-11-20T15:18:07 CST" duration-ms="0" status="PASS">
          <reporter-output>
          </reporter-output>
        </test-method> <!-- setUp -->
        <test-method is-config="true" signature="setUp()[pri:0, instance:Execution.formsWorkflowPart3@428640fa]" started-at="2023-11-20T15:18:09 CST" name="setUp" finished-at="2023-11-20T15:18:09 CST" duration-ms="0" status="PASS">
          <reporter-output>
          </reporter-output>
        </test-method> <!-- setUp -->
        <test-method signature="selectCurrentFormByXpath03()[pri:530, instance:Execution.formsWorkflowPart3@428640fa]" started-at="2023-11-20T15:18:09 CST" name="selectCurrentFormByXpath03" finished-at="2023-11-20T15:18:12 CST" duration-ms="2666" status="PASS">
          <reporter-output>
          </reporter-output>
        </test-method> <!-- selectCurrentFormByXpath03 -->
        <test-method signature="verifyInternalUseForm()[pri:535, instance:Execution.formsWorkflowPart3@428640fa]" started-at="2023-11-20T15:18:12 CST" name="verifyInternalUseForm" finished-at="2023-11-20T15:18:14 CST" duration-ms="1662" status="PASS">
          <reporter-output>
          </reporter-output>
        </test-method> <!-- verifyInternalUseForm -->
        <test-method is-config="true" signature="setUp()[pri:0, instance:Execution.formsWorkflowPart3@428640fa]" started-at="2023-11-20T15:18:12 CST" name="setUp" finished-at="2023-11-20T15:18:12 CST" duration-ms="0" status="PASS">
          <reporter-output>
          </reporter-output>
        </test-method> <!-- setUp -->
        <test-method is-config="true" signature="setUp()[pri:0, instance:Execution.formsWorkflowPart3@428640fa]" started-at="2023-11-20T15:18:14 CST" name="setUp" finished-at="2023-11-20T15:18:14 CST" duration-ms="0" status="PASS">
          <reporter-output>
          </reporter-output>
        </test-method> <!-- setUp -->
        <test-method signature="selectInternalUseForm()[pri:540, instance:Execution.formsWorkflowPart3@428640fa]" started-at="2023-11-20T15:18:14 CST" name="selectInternalUseForm" finished-at="2023-11-20T15:18:15 CST" duration-ms="1668" status="PASS">
          <reporter-output>
          </reporter-output>
        </test-method> <!-- selectInternalUseForm -->
        <test-method signature="deleteInternalUseForm()[pri:545, instance:Execution.formsWorkflowPart3@428640fa]" started-at="2023-11-20T15:18:15 CST" name="deleteInternalUseForm" finished-at="2023-11-20T15:18:17 CST" duration-ms="1698" status="PASS">
          <reporter-output>
          </reporter-output>
        </test-method> <!-- deleteInternalUseForm -->
        <test-method is-config="true" signature="setUp()[pri:0, instance:Execution.formsWorkflowPart3@428640fa]" started-at="2023-11-20T15:18:15 CST" name="setUp" finished-at="2023-11-20T15:18:15 CST" duration-ms="0" status="PASS">
          <reporter-output>
          </reporter-output>
        </test-method> <!-- setUp -->
        <test-method signature="confirmDeleteInternalUseForm()[pri:550, instance:Execution.formsWorkflowPart3@428640fa]" started-at="2023-11-20T15:18:17 CST" name="confirmDeleteInternalUseForm" finished-at="2023-11-20T15:18:19 CST" duration-ms="1679" status="PASS">
          <reporter-output>
          </reporter-output>
        </test-method> <!-- confirmDeleteInternalUseForm -->
        <test-method is-config="true" signature="setUp()[pri:0, instance:Execution.formsWorkflowPart3@428640fa]" started-at="2023-11-20T15:18:17 CST" name="setUp" finished-at="2023-11-20T15:18:17 CST" duration-ms="0" status="PASS">
          <reporter-output>
          </reporter-output>
        </test-method> <!-- setUp -->
        <test-method signature="selectCurrentFormByXpath04()[pri:555, instance:Execution.formsWorkflowPart3@428640fa]" started-at="2023-11-20T15:18:19 CST" name="selectCurrentFormByXpath04" finished-at="2023-11-20T15:18:21 CST" duration-ms="2662" status="PASS">
          <reporter-output>
          </reporter-output>
        </test-method> <!-- selectCurrentFormByXpath04 -->
        <test-method is-config="true" signature="setUp()[pri:0, instance:Execution.formsWorkflowPart3@428640fa]" started-at="2023-11-20T15:18:19 CST" name="setUp" finished-at="2023-11-20T15:18:19 CST" duration-ms="0" status="PASS">
          <reporter-output>
          </reporter-output>
        </test-method> <!-- setUp -->
        <test-method is-config="true" signature="setUp()[pri:0, instance:Execution.formsWorkflowPart3@428640fa]" started-at="2023-11-20T15:18:21 CST" name="setUp" finished-at="2023-11-20T15:18:21 CST" duration-ms="0" status="PASS">
          <reporter-output>
          </reporter-output>
        </test-method> <!-- setUp -->
        <test-method signature="selectExportForm()[pri:560, instance:Execution.formsWorkflowPart3@428640fa]" started-at="2023-11-20T15:18:21 CST" name="selectExportForm" finished-at="2023-11-20T15:18:23 CST" duration-ms="1718" status="PASS">
          <reporter-output>
          </reporter-output>
        </test-method> <!-- selectExportForm -->
        <test-method signature="selectViewAllForms03()[pri:565, instance:Execution.formsWorkflowPart3@428640fa]" started-at="2023-11-20T15:18:23 CST" name="selectViewAllForms03" finished-at="2023-11-20T15:18:25 CST" duration-ms="2289" status="PASS">
          <reporter-output>
          </reporter-output>
        </test-method> <!-- selectViewAllForms03 -->
        <test-method is-config="true" signature="setUp()[pri:0, instance:Execution.formsWorkflowPart3@428640fa]" started-at="2023-11-20T15:18:23 CST" name="setUp" finished-at="2023-11-20T15:18:23 CST" duration-ms="0" status="PASS">
          <reporter-output>
          </reporter-output>
        </test-method> <!-- setUp -->
        <test-method is-config="true" signature="setUp()[pri:0, instance:Execution.formsWorkflowPart3@428640fa]" started-at="2023-11-20T15:18:25 CST" name="setUp" finished-at="2023-11-20T15:18:25 CST" duration-ms="1" status="PASS">
          <reporter-output>
          </reporter-output>
        </test-method> <!-- setUp -->
        <test-method signature="selectCurrentFormByXpath01()[pri:577, instance:Execution.formsWorkflowPart3@428640fa]" started-at="2023-11-20T15:18:25 CST" name="selectCurrentFormByXpath01" finished-at="2023-11-20T15:18:28 CST" duration-ms="2798" status="PASS">
          <reporter-output>
          </reporter-output>
        </test-method> <!-- selectCurrentFormByXpath01 -->
        <test-method is-config="true" signature="setUp()[pri:0, instance:Execution.formsWorkflowPart3@428640fa]" started-at="2023-11-20T15:18:28 CST" name="setUp" finished-at="2023-11-20T15:18:28 CST" duration-ms="0" status="PASS">
          <reporter-output>
          </reporter-output>
        </test-method> <!-- setUp -->
        <test-method signature="selectEditProperties02()[pri:580, instance:Execution.formsWorkflowPart3@428640fa]" started-at="2023-11-20T15:18:28 CST" name="selectEditProperties02" finished-at="2023-11-20T15:18:30 CST" duration-ms="1611" status="PASS">
          <reporter-output>
          </reporter-output>
        </test-method> <!-- selectEditProperties02 -->
        <test-method is-config="true" signature="setUp()[pri:0, instance:Execution.formsWorkflowPart3@428640fa]" started-at="2023-11-20T15:18:30 CST" name="setUp" finished-at="2023-11-20T15:18:30 CST" duration-ms="0" status="PASS">
          <reporter-output>
          </reporter-output>
        </test-method> <!-- setUp -->
        <test-method signature="changeFormName()[pri:585, instance:Execution.formsWorkflowPart3@428640fa]" started-at="2023-11-20T15:18:30 CST" name="changeFormName" finished-at="2023-11-20T15:18:34 CST" duration-ms="4261" status="PASS">
          <reporter-output>
          </reporter-output>
        </test-method> <!-- changeFormName -->
        <test-method is-config="true" signature="setUp()[pri:0, instance:Execution.formsWorkflowPart3@428640fa]" started-at="2023-11-20T15:18:34 CST" name="setUp" finished-at="2023-11-20T15:18:34 CST" duration-ms="0" status="PASS">
          <reporter-output>
          </reporter-output>
        </test-method> <!-- setUp -->
        <test-method signature="changeDescription()[pri:590, instance:Execution.formsWorkflowPart3@428640fa]" started-at="2023-11-20T15:18:34 CST" name="changeDescription" finished-at="2023-11-20T15:18:38 CST" duration-ms="3798" status="PASS">
          <reporter-output>
          </reporter-output>
        </test-method> <!-- changeDescription -->
        <test-method is-config="true" signature="setUp()[pri:0, instance:Execution.formsWorkflowPart3@428640fa]" started-at="2023-11-20T15:18:38 CST" name="setUp" finished-at="2023-11-20T15:18:38 CST" duration-ms="0" status="PASS">
          <reporter-output>
          </reporter-output>
        </test-method> <!-- setUp -->
        <test-method signature="selectNeedToKnow()[pri:593, instance:Execution.formsWorkflowPart3@428640fa]" started-at="2023-11-20T15:18:38 CST" name="selectNeedToKnow" finished-at="2023-11-20T15:18:41 CST" duration-ms="2781" status="PASS">
          <reporter-output>
          </reporter-output>
        </test-method> <!-- selectNeedToKnow -->
        <test-method signature="selectSortPriority02()[pri:595, instance:Execution.formsWorkflowPart3@428640fa]" started-at="2023-11-20T15:18:41 CST" name="selectSortPriority02" finished-at="2023-11-20T15:18:42 CST" duration-ms="1646" status="PASS">
          <reporter-output>
          </reporter-output>
        </test-method> <!-- selectSortPriority02 -->
        <test-method is-config="true" signature="setUp()[pri:0, instance:Execution.formsWorkflowPart3@428640fa]" started-at="2023-11-20T15:18:41 CST" name="setUp" finished-at="2023-11-20T15:18:41 CST" duration-ms="0" status="PASS">
          <reporter-output>
          </reporter-output>
        </test-method> <!-- setUp -->
        <test-method signature="selectSave()[pri:600, instance:Execution.formsWorkflowPart3@428640fa]" started-at="2023-11-20T15:18:42 CST" name="selectSave" finished-at="2023-11-20T15:18:44 CST" duration-ms="1579" status="PASS">
          <reporter-output>
          </reporter-output>
        </test-method> <!-- selectSave -->
        <test-method is-config="true" signature="setUp()[pri:0, instance:Execution.formsWorkflowPart3@428640fa]" started-at="2023-11-20T15:18:42 CST" name="setUp" finished-at="2023-11-20T15:18:42 CST" duration-ms="0" status="PASS">
          <reporter-output>
          </reporter-output>
        </test-method> <!-- setUp -->
        <test-method signature="displayCompleteAlert()[pri:9990, instance:Execution.formsWorkflowPart3@428640fa]" started-at="2023-11-20T15:18:44 CST" name="displayCompleteAlert" finished-at="2023-11-20T15:18:44 CST" duration-ms="442" status="PASS">
          <reporter-output>
          </reporter-output>
        </test-method> <!-- displayCompleteAlert -->
        <test-method is-config="true" signature="setUp()[pri:0, instance:Execution.formsWorkflowPart3@428640fa]" started-at="2023-11-20T15:18:44 CST" name="setUp" finished-at="2023-11-20T15:18:44 CST" duration-ms="0" status="PASS">
          <reporter-output>
          </reporter-output>
        </test-method> <!-- setUp -->
        <test-method is-config="true" signature="closeDown()[pri:0, instance:Execution.formsWorkflowPart3@428640fa]" started-at="2023-11-20T15:18:44 CST" name="closeDown" finished-at="2023-11-20T15:18:45 CST" duration-ms="870" status="PASS">
          <reporter-output>
          </reporter-output>
        </test-method> <!-- closeDown -->
      </class> <!-- Execution.formsWorkflowPart3 -->
    </test> <!-- Forms Workflow Part 3 -->
  </suite> <!-- RegressionSuite-Prod-Demo1 -->
</testng-results>
